{"E:\\Programs\\udemy\\job-search\\src\\components\\MainNav.vue": {"path":"E:\\Programs\\udemy\\job-search\\src\\components\\MainNav.vue","statementMap":{"0":{"start":{"line":4,"column":0},"end":{"line":6,"column":3}},"1":{"start":{"line":7,"column":0},"end":{"line":7,"column":25}},"2":{"start":{"line":8,"column":15},"end":{"line":16,"column":1}},"3":{"start":{"line":12,"column":4},"end":{"line":14,"column":6}},"4":{"start":{"line":19,"column":0},"end":{"line":19,"column":13}},"5":{"start":{"line":21,"column":0},"end":{"line":23,"column":3}},"6":{"start":{"line":24,"column":0},"end":{"line":24,"column":24}},"7":{"start":{"line":25,"column":11},"end":{"line":25,"column":25}},"8":{"start":{"line":26,"column":19},"end":{"line":28,"column":1}},"9":{"start":{"line":29,"column":19},"end":{"line":31,"column":1}},"10":{"start":{"line":32,"column":19},"end":{"line":34,"column":1}},"11":{"start":{"line":35,"column":19},"end":{"line":38,"column":1}},"12":{"start":{"line":40,"column":2},"end":{"line":40,"column":289}},"13":{"start":{"line":41,"column":2},"end":{"line":41,"column":49}}},"fnMap":{"0":{"name":"(anonymous_0)","decl":{"start":{"line":11,"column":2},"end":{"line":11,"column":3}},"loc":{"start":{"line":11,"column":9},"end":{"line":15,"column":3}},"line":11},"1":{"name":"render","decl":{"start":{"line":39,"column":9},"end":{"line":39,"column":15}},"loc":{"start":{"line":39,"column":30},"end":{"line":41,"column":1}},"line":39}},"branchMap":{},"s":{"0":1,"1":1,"2":1,"3":1,"4":1,"5":1,"6":1,"7":1,"8":1,"9":1,"10":1,"11":1,"12":2,"13":1},"f":{"0":1,"1":2},"b":{},"inputSourceMap":{"0":"{","1":"\"","2":"v","3":"e","4":"r","5":"s","6":"i","7":"o","8":"n","9":"\"","10":":","11":"3","12":",","13":"\"","14":"s","15":"o","16":"u","17":"r","18":"c","19":"e","20":"s","21":"\"","22":":","23":"[","24":"\"","25":"E","26":":","27":"\\","28":"\\","29":"P","30":"r","31":"o","32":"g","33":"r","34":"a","35":"m","36":"s","37":"\\","38":"\\","39":"u","40":"d","41":"e","42":"m","43":"y","44":"\\","45":"\\","46":"j","47":"o","48":"b","49":"-","50":"s","51":"e","52":"a","53":"r","54":"c","55":"h","56":"\\","57":"\\","58":"s","59":"r","60":"c","61":"\\","62":"\\","63":"c","64":"o","65":"m","66":"p","67":"o","68":"n","69":"e","70":"n","71":"t","72":"s","73":"\\","74":"\\","75":"M","76":"a","77":"i","78":"n","79":"N","80":"a","81":"v","82":".","83":"v","84":"u","85":"e","86":"\"","87":"]","88":",","89":"\"","90":"n","91":"a","92":"m","93":"e","94":"s","95":"\"","96":":","97":"[","98":"]","99":",","100":"\"","101":"m","102":"a","103":"p","104":"p","105":"i","106":"n","107":"g","108":"s","109":"\"","110":":","111":"\"","112":";","113":";","114":";","115":";","116":";","117":";","118":";","119":"e","120":"A","121":"a","122":"e","123":";","124":"E","125":"A","126":"C","127":"b","128":",","129":"I","130":"A","131":"A","132":"I","133":",","134":"E","135":"A","136":"A","137":"E","138":",","139":"S","140":"A","141":"A","142":"S","143":";","144":"E","145":"A","146":"A","147":"E","148":";","149":"E","150":"A","151":"C","152":"j","153":"B","154":",","155":"I","156":"A","157":"A","158":"I","159":",","160":"G","161":"A","162":"A","163":"G","164":";","165":"I","166":"A","167":"C","168":"L","169":",","170":"O","171":"A","172":"A","173":"O","174":";","175":"M","176":"A","177":"C","178":"L","179":",","180":"O","181":"A","182":"A","183":"O","184":",","185":"E","186":"A","187":"A","188":"E","189":";","190":"I","191":"A","192":"C","193":"X","194":",","195":"C","196":"A","197":"A","198":"C","199":";","200":"E","201":"A","202":"C","203":"H","204":";","205":"A","206":"A","207":"C","208":"F","209":",","210":"C","211":"A","212":"A","213":"C","214":";","215":"A","216":"A","217":"A","218":"A","219":";","220":"A","221":"A","222":"A","223":"A","224":"\"","225":",","226":"\"","227":"f","228":"i","229":"l","230":"e","231":"\"","232":":","233":"\"","234":"E","235":":","236":"\\","237":"\\","238":"P","239":"r","240":"o","241":"g","242":"r","243":"a","244":"m","245":"s","246":"\\","247":"\\","248":"u","249":"d","250":"e","251":"m","252":"y","253":"\\","254":"\\","255":"j","256":"o","257":"b","258":"-","259":"s","260":"e","261":"a","262":"r","263":"c","264":"h","265":"\\","266":"\\","267":"s","268":"r","269":"c","270":"\\","271":"\\","272":"c","273":"o","274":"m","275":"p","276":"o","277":"n","278":"e","279":"n","280":"t","281":"s","282":"\\","283":"\\","284":"M","285":"a","286":"i","287":"n","288":"N","289":"a","290":"v","291":".","292":"v","293":"u","294":"e","295":"\"","296":",","297":"\"","298":"s","299":"o","300":"u","301":"r","302":"c","303":"e","304":"s","305":"C","306":"o","307":"n","308":"t","309":"e","310":"n","311":"t","312":"\"","313":":","314":"[","315":"\"","316":"<","317":"t","318":"e","319":"m","320":"p","321":"l","322":"a","323":"t","324":"e","325":">","326":"\\","327":"n","328":" ","329":" ","330":"<","331":"h","332":"e","333":"a","334":"d","335":"e","336":"r","337":" ","338":"c","339":"l","340":"a","341":"s","342":"s","343":"=","344":"\\","345":"\"","346":"w","347":"-","348":"f","349":"u","350":"l","351":"l","352":" ","353":"t","354":"e","355":"x","356":"t","357":"-","358":"s","359":"m","360":"\\","361":"\"","362":">","363":"\\","364":"n","365":" ","366":" ","367":" ","368":" ","369":"<","370":"d","371":"i","372":"v","373":" ","374":"c","375":"l","376":"a","377":"s","378":"s","379":"=","380":"\\","381":"\"","382":"f","383":"i","384":"x","385":"e","386":"d","387":" ","388":"t","389":"o","390":"p","391":"-","392":"0","393":" ","394":"l","395":"e","396":"f","397":"t","398":"-","399":"0","400":" ","401":"w","402":"-","403":"f","404":"u","405":"l","406":"l","407":" ","408":"h","409":"-","410":"1","411":"6","412":" ","413":"b","414":"g","415":"-","416":"w","417":"h","418":"i","419":"t","420":"e","421":"\\","422":"\"","423":">","424":"\\","425":"n","426":" ","427":" ","428":" ","429":" ","430":" ","431":" ","432":"<","433":"d","434":"i","435":"v","436":"\\","437":"n","438":" ","439":" ","440":" ","441":" ","442":" ","443":" ","444":" ","445":" ","446":"c","447":"l","448":"a","449":"s","450":"s","451":"=","452":"\\","453":"\"","454":"f","455":"l","456":"e","457":"x","458":" ","459":"f","460":"l","461":"e","462":"x","463":"-","464":"n","465":"o","466":"w","467":"r","468":"a","469":"p","470":" ","471":"h","472":"-","473":"f","474":"u","475":"l","476":"l","477":" ","478":"p","479":"x","480":"-","481":"8","482":" ","483":"m","484":"x","485":"-","486":"a","487":"u","488":"t","489":"o","490":" ","491":"b","492":"o","493":"r","494":"d","495":"e","496":"r","497":"-","498":"b","499":" ","500":"b","501":"o","502":"r","503":"d","504":"e","505":"r","506":"-","507":"s","508":"o","509":"l","510":"i","511":"d","512":" ","513":"b","514":"o","515":"r","516":"d","517":"e","518":"r","519":"-","520":"b","521":"r","522":"a","523":"n","524":"d","525":"-","526":"g","527":"r","528":"a","529":"y","530":"-","531":"1","532":"\\","533":"\"","534":"\\","535":"n","536":" ","537":" ","538":" ","539":" ","540":" ","541":" ","542":">","543":"\\","544":"n","545":" ","546":" ","547":" ","548":" ","549":" ","550":" ","551":" ","552":" ","553":"<","554":"a","555":" ","556":"h","557":"r","558":"e","559":"f","560":"=","561":"\\","562":"\"","563":"/","564":"\\","565":"\"","566":" ","567":"c","568":"l","569":"a","570":"s","571":"s","572":"=","573":"\\","574":"\"","575":"f","576":"l","577":"e","578":"x","579":" ","580":"i","581":"t","582":"e","583":"m","584":"s","585":"-","586":"c","587":"e","588":"n","589":"t","590":"e","591":"r","592":" ","593":"h","594":"-","595":"f","596":"u","597":"l","598":"l","599":" ","600":"t","601":"e","602":"x","603":"t","604":"-","605":"x","606":"l","607":"\\","608":"\"","609":">","610":"{","611":"{","612":" ","613":"c","614":"o","615":"m","616":"p","617":"a","618":"n","619":"y","620":" ","621":"}","622":"}","623":"<","624":"/","625":"a","626":">","627":"\\","628":"n","629":" ","630":" ","631":" ","632":" ","633":" ","634":" ","635":"<","636":"/","637":"d","638":"i","639":"v","640":">","641":"\\","642":"n","643":" ","644":" ","645":" ","646":" ","647":"<","648":"/","649":"d","650":"i","651":"v","652":">","653":"\\","654":"n","655":" ","656":" ","657":"<","658":"/","659":"h","660":"e","661":"a","662":"d","663":"e","664":"r","665":">","666":"\\","667":"n","668":"<","669":"/","670":"t","671":"e","672":"m","673":"p","674":"l","675":"a","676":"t","677":"e","678":">","679":"\\","680":"n","681":"\\","682":"n","683":"<","684":"s","685":"c","686":"r","687":"i","688":"p","689":"t","690":">","691":"\\","692":"n","693":"e","694":"x","695":"p","696":"o","697":"r","698":"t","699":" ","700":"d","701":"e","702":"f","703":"a","704":"u","705":"l","706":"t","707":" ","708":"{","709":"\\","710":"n","711":" ","712":" ","713":"n","714":"a","715":"m","716":"e","717":":","718":" ","719":"\\","720":"\"","721":"M","722":"a","723":"i","724":"n","725":"N","726":"a","727":"v","728":"\\","729":"\"","730":",","731":" ","732":"/","733":"/","734":"f","735":"o","736":"r","737":" ","738":"u","739":"s","740":"e","741":"d","742":" ","743":"n","744":"a","745":"m","746":"e","747":"\\","748":"n","749":" ","750":" ","751":"d","752":"a","753":"t","754":"a","755":"(","756":")","757":" ","758":"{","759":"\\","760":"n","761":" ","762":" ","763":" ","764":" ","765":"r","766":"e","767":"t","768":"u","769":"r","770":"n","771":" ","772":"{","773":"\\","774":"n","775":" ","776":" ","777":" ","778":" ","779":" ","780":" ","781":"c","782":"o","783":"m","784":"p","785":"a","786":"n","787":"y","788":":","789":" ","790":"\\","791":"\"","792":"N","793":"O","794":"W","795":" ","796":"C","797":"a","798":"r","799":"e","800":"e","801":"r","802":"s","803":"\\","804":"\"","805":",","806":"\\","807":"n","808":" ","809":" ","810":" ","811":" ","812":"}","813":";","814":"\\","815":"n","816":" ","817":" ","818":"}","819":",","820":"\\","821":"n","822":"}","823":";","824":"\\","825":"n","826":"<","827":"/","828":"s","829":"c","830":"r","831":"i","832":"p","833":"t","834":">","835":"\\","836":"n","837":"\"","838":"]","839":"}"},"_coverageSchema":"1a1c01bbd47fc00a2c39e90264f33305004495a9","hash":"27f6a87148cda41daa4a306a9ae1ff932485d45a"}
}
