{"D:\\Projects\\udemy\\job-search\\src\\components\\ActionButton.vue": {"path":"D:\\Projects\\udemy\\job-search\\src\\components\\ActionButton.vue","statementMap":{"0":{"start":{"line":4,"column":0},"end":{"line":6,"column":3}},"1":{"start":{"line":7,"column":0},"end":{"line":7,"column":25}},"2":{"start":{"line":8,"column":15},"end":{"line":31,"column":1}},"3":{"start":{"line":20,"column":8},"end":{"line":20,"column":56}},"4":{"start":{"line":26,"column":6},"end":{"line":28,"column":8}},"5":{"start":{"line":34,"column":0},"end":{"line":34,"column":13}},"6":{"start":{"line":36,"column":0},"end":{"line":38,"column":3}},"7":{"start":{"line":39,"column":0},"end":{"line":39,"column":24}},"8":{"start":{"line":40,"column":11},"end":{"line":40,"column":25}},"9":{"start":{"line":42,"column":2},"end":{"line":44,"column":64}},"10":{"start":{"line":45,"column":2},"end":{"line":45,"column":49}}},"fnMap":{"0":{"name":"(anonymous_0)","decl":{"start":{"line":19,"column":6},"end":{"line":19,"column":7}},"loc":{"start":{"line":19,"column":23},"end":{"line":21,"column":7}},"line":19},"1":{"name":"(anonymous_1)","decl":{"start":{"line":25,"column":4},"end":{"line":25,"column":5}},"loc":{"start":{"line":25,"column":18},"end":{"line":29,"column":5}},"line":25},"2":{"name":"render","decl":{"start":{"line":41,"column":9},"end":{"line":41,"column":15}},"loc":{"start":{"line":41,"column":30},"end":{"line":45,"column":1}},"line":41}},"branchMap":{},"s":{"0":2,"1":2,"2":2,"3":6,"4":6,"5":2,"6":2,"7":2,"8":2,"9":6,"10":2},"f":{"0":6,"1":6,"2":6},"b":{},"inputSourceMap":{"0":"{","1":"\"","2":"v","3":"e","4":"r","5":"s","6":"i","7":"o","8":"n","9":"\"","10":":","11":"3","12":",","13":"\"","14":"s","15":"o","16":"u","17":"r","18":"c","19":"e","20":"s","21":"\"","22":":","23":"[","24":"\"","25":"D","26":":","27":"\\","28":"\\","29":"P","30":"r","31":"o","32":"j","33":"e","34":"c","35":"t","36":"s","37":"\\","38":"\\","39":"u","40":"d","41":"e","42":"m","43":"y","44":"\\","45":"\\","46":"j","47":"o","48":"b","49":"-","50":"s","51":"e","52":"a","53":"r","54":"c","55":"h","56":"\\","57":"\\","58":"s","59":"r","60":"c","61":"\\","62":"\\","63":"c","64":"o","65":"m","66":"p","67":"o","68":"n","69":"e","70":"n","71":"t","72":"s","73":"\\","74":"\\","75":"A","76":"c","77":"t","78":"i","79":"o","80":"n","81":"B","82":"u","83":"t","84":"t","85":"o","86":"n","87":".","88":"v","89":"u","90":"e","91":"\"","92":"]","93":",","94":"\"","95":"n","96":"a","97":"m","98":"e","99":"s","100":"\"","101":":","102":"[","103":"]","104":",","105":"\"","106":"m","107":"a","108":"p","109":"p","110":"i","111":"n","112":"g","113":"s","114":"\"","115":":","116":"\"","117":";","118":";","119":";","120":";","121":";","122":";","123":";","124":"e","125":"A","126":"O","127":"e","128":";","129":"E","130":"A","131":"C","132":"b","133":",","134":"I","135":"A","136":"A","137":"I","138":",","139":"E","140":"A","141":"A","142":"E","143":",","144":"c","145":"A","146":"A","147":"c","148":";","149":"E","150":"A","151":"C","152":"p","153":"B","154":",","155":"K","156":"A","157":"A","158":"K","159":",","160":"E","161":"A","162":"A","163":"E","164":";","165":"I","166":"A","167":"C","168":"L","169":",","170":"I","171":"A","172":"A","173":"I","174":",","175":"E","176":"A","177":"A","178":"E","179":";","180":"M","181":"A","182":"C","183":"J","184":",","185":"I","186":"A","187":"A","188":"I","189":",","190":"E","191":"A","192":"A","193":"E","194":",","195":"M","196":"A","197":"A","198":"M","199":";","200":"M","201":"A","202":"C","203":"Z","204":",","205":"Q","206":"A","207":"A","208":"Q","209":",","210":"E","211":"A","212":"A","213":"E","214":";","215":"I","216":"A","217":"C","218":"Z","219":",","220":"C","221":"A","222":"A","223":"C","224":";","225":"I","226":"A","227":"C","228":"D","229":",","230":"I","231":"A","232":"A","233":"I","234":",","235":"E","236":"A","237":"A","238":"E","239":";","240":"M","241":"A","242":"C","243":"J","244":",","245":"I","246":"A","247":"A","248":"I","249":",","250":"E","251":"A","252":"A","253":"E","254":",","255":"M","256":"A","257":"A","258":"M","259":";","260":"M","261":"A","262":"C","263":"Z","264":",","265":"Q","266":"A","267":"A","268":"Q","269":",","270":"E","271":"A","272":"A","273":"E","274":",","275":"K","276":"A","277":"A","278":"K","279":";","280":"M","281":"A","282":"C","283":"f","284":",","285":"O","286":"A","287":"A","288":"O","289":",","290":"E","291":"A","292":"A","293":"E","294":",","295":"S","296":"A","297":"A","298":"S","299":";","300":"M","301":"A","302":"C","303":"l","304":"B","305":",","306":"S","307":"A","308":"A","309":"S","310":",","311":"C","312":"A","313":"A","314":"C","315":",","316":"K","317":"A","318":"A","319":"K","320":",","321":"E","322":"A","323":"A","324":"E","325":";","326":"Q","327":"A","328":"C","329":"f","330":",","331":"O","332":"A","333":"A","334":"O","335":",","336":"C","337":"A","338":"A","339":"C","340":",","341":"S","342":"A","343":"A","344":"S","345":",","346":"E","347":"A","348":"A","349":"E","350":",","351":"W","352":"A","353":"A","354":"W","355":",","356":"C","357":"A","358":"A","359":"C","360":",","361":"C","362":"A","363":"A","364":"C","365":",","366":"Q","367":"A","368":"A","369":"Q","370":",","371":"C","372":"A","373":"A","374":"C","375":",","376":"K","377":"A","378":"A","379":"K","380":",","381":"C","382":"A","383":"A","384":"C","385":";","386":"M","387":"A","388":"C","389":"j","390":"D","391":";","392":"I","393":"A","394":"C","395":"F","396":";","397":"E","398":"A","399":"C","400":"F","401":",","402":"C","403":"A","404":"A","405":"C","406":";","407":"E","408":"A","409":"E","410":"D","411":",","412":"Q","413":"A","414":"A","415":"Q","416":",","417":"E","418":"A","419":"A","420":"E","421":";","422":"I","423":"A","424":"C","425":"R","426":",","427":"W","428":"A","429":"A","430":"W","431":",","432":"G","433":"A","434":"A","435":"G","436":";","437":"M","438":"A","439":"C","440":"Z","441":",","442":"O","443":"A","444":"A","445":"O","446":";","447":"Q","448":"A","449":"C","450":"L","451":",","452":"C","453":"A","454":"A","455":"C","456":",","457":"I","458":"A","459":"A","460":"I","461":",","462":"C","463":"A","464":"A","465":"C","466":",","467":"I","468":"A","469":"A","470":"I","471":",","472":"G","473":"A","474":"A","475":"G","476":";","477":"M","478":"A","479":"C","480":"f","481":",","482":"C","483":"A","484":"A","485":"C","486":";","487":"I","488":"A","489":"C","490":"H","491":";","492":"E","493":"A","494":"C","495":"F","496":";","497":"A","498":"A","499":"C","500":"F","501":",","502":"C","503":"A","504":"A","505":"C","506":";","507":"A","508":"A","509":"A","510":"A","511":";","512":"A","513":"A","514":"A","515":"A","516":"\"","517":",","518":"\"","519":"f","520":"i","521":"l","522":"e","523":"\"","524":":","525":"\"","526":"D","527":":","528":"\\","529":"\\","530":"P","531":"r","532":"o","533":"j","534":"e","535":"c","536":"t","537":"s","538":"\\","539":"\\","540":"u","541":"d","542":"e","543":"m","544":"y","545":"\\","546":"\\","547":"j","548":"o","549":"b","550":"-","551":"s","552":"e","553":"a","554":"r","555":"c","556":"h","557":"\\","558":"\\","559":"s","560":"r","561":"c","562":"\\","563":"\\","564":"c","565":"o","566":"m","567":"p","568":"o","569":"n","570":"e","571":"n","572":"t","573":"s","574":"\\","575":"\\","576":"A","577":"c","578":"t","579":"i","580":"o","581":"n","582":"B","583":"u","584":"t","585":"t","586":"o","587":"n","588":".","589":"v","590":"u","591":"e","592":"\"","593":",","594":"\"","595":"s","596":"o","597":"u","598":"r","599":"c","600":"e","601":"s","602":"C","603":"o","604":"n","605":"t","606":"e","607":"n","608":"t","609":"\"","610":":","611":"[","612":"\"","613":"<","614":"t","615":"e","616":"m","617":"p","618":"l","619":"a","620":"t","621":"e","622":">","623":"\\","624":"r","625":"\\","626":"n","627":" ","628":" ","629":"<","630":"b","631":"u","632":"t","633":"t","634":"o","635":"n","636":" ","637":":","638":"c","639":"l","640":"a","641":"s","642":"s","643":"=","644":"\\","645":"\"","646":"b","647":"u","648":"t","649":"t","650":"o","651":"n","652":"C","653":"l","654":"a","655":"s","656":"s","657":"\\","658":"\"","659":">","660":"\\","661":"r","662":"\\","663":"n","664":" ","665":" ","666":" ","667":" ","668":"{","669":"{","670":" ","671":"t","672":"e","673":"x","674":"t","675":" ","676":"}","677":"}","678":"\\","679":"r","680":"\\","681":"n","682":" ","683":" ","684":"<","685":"/","686":"b","687":"u","688":"t","689":"t","690":"o","691":"n","692":">","693":"\\","694":"r","695":"\\","696":"n","697":"<","698":"/","699":"t","700":"e","701":"m","702":"p","703":"l","704":"a","705":"t","706":"e","707":">","708":"\\","709":"r","710":"\\","711":"n","712":"\\","713":"r","714":"\\","715":"n","716":"<","717":"s","718":"c","719":"r","720":"i","721":"p","722":"t","723":">","724":"\\","725":"r","726":"\\","727":"n","728":"e","729":"x","730":"p","731":"o","732":"r","733":"t","734":" ","735":"d","736":"e","737":"f","738":"a","739":"u","740":"l","741":"t","742":" ","743":"{","744":"\\","745":"r","746":"\\","747":"n","748":" ","749":" ","750":"n","751":"a","752":"m","753":"e","754":":","755":" ","756":"\\","757":"\"","758":"A","759":"c","760":"t","761":"i","762":"o","763":"n","764":"B","765":"u","766":"t","767":"t","768":"o","769":"n","770":"\\","771":"\"","772":",","773":"\\","774":"r","775":"\\","776":"n","777":" ","778":" ","779":"p","780":"r","781":"o","782":"p","783":"s","784":":","785":" ","786":"{","787":"\\","788":"r","789":"\\","790":"n","791":" ","792":" ","793":" ","794":" ","795":"t","796":"e","797":"x","798":"t","799":":","800":" ","801":"{","802":"\\","803":"r","804":"\\","805":"n","806":" ","807":" ","808":" ","809":" ","810":" ","811":" ","812":"t","813":"y","814":"p","815":"e","816":":","817":" ","818":"S","819":"t","820":"r","821":"i","822":"n","823":"g","824":",","825":"\\","826":"r","827":"\\","828":"n","829":" ","830":" ","831":" ","832":" ","833":" ","834":" ","835":"r","836":"e","837":"q","838":"u","839":"i","840":"r","841":"e","842":"d","843":":","844":" ","845":"t","846":"r","847":"u","848":"e","849":",","850":"\\","851":"r","852":"\\","853":"n","854":" ","855":" ","856":" ","857":" ","858":"}","859":",","860":"\\","861":"r","862":"\\","863":"n","864":" ","865":" ","866":" ","867":" ","868":"t","869":"y","870":"p","871":"e","872":":","873":" ","874":"{","875":"\\","876":"r","877":"\\","878":"n","879":" ","880":" ","881":" ","882":" ","883":" ","884":" ","885":"t","886":"y","887":"p","888":"e","889":":","890":" ","891":"S","892":"t","893":"r","894":"i","895":"n","896":"g","897":",","898":"\\","899":"r","900":"\\","901":"n","902":" ","903":" ","904":" ","905":" ","906":" ","907":" ","908":"r","909":"e","910":"q","911":"u","912":"i","913":"r","914":"e","915":"d","916":":","917":" ","918":"f","919":"a","920":"l","921":"s","922":"e","923":",","924":"\\","925":"r","926":"\\","927":"n","928":" ","929":" ","930":" ","931":" ","932":" ","933":" ","934":"d","935":"e","936":"f","937":"a","938":"u","939":"l","940":"t","941":":","942":" ","943":"\\","944":"\"","945":"p","946":"r","947":"i","948":"m","949":"a","950":"r","951":"y","952":"\\","953":"\"","954":",","955":"\\","956":"r","957":"\\","958":"n","959":" ","960":" ","961":" ","962":" ","963":" ","964":" ","965":"v","966":"a","967":"l","968":"i","969":"d","970":"a","971":"t","972":"o","973":"r","974":"(","975":"v","976":"a","977":"l","978":"u","979":"e","980":")","981":" ","982":"{","983":"\\","984":"r","985":"\\","986":"n","987":" ","988":" ","989":" ","990":" ","991":" ","992":" ","993":" ","994":" ","995":"r","996":"e","997":"t","998":"u","999":"r","1000":"n","1001":" ","1002":"[","1003":"\\","1004":"\"","1005":"p","1006":"r","1007":"i","1008":"m","1009":"a","1010":"r","1011":"y","1012":"\\","1013":"\"","1014":",","1015":" ","1016":"\\","1017":"\"","1018":"s","1019":"e","1020":"c","1021":"o","1022":"n","1023":"d","1024":"a","1025":"r","1026":"y","1027":"\\","1028":"\"","1029":"]","1030":".","1031":"i","1032":"n","1033":"c","1034":"l","1035":"u","1036":"d","1037":"e","1038":"s","1039":"(","1040":"v","1041":"a","1042":"l","1043":"u","1044":"e","1045":")","1046":";","1047":"\\","1048":"r","1049":"\\","1050":"n","1051":" ","1052":" ","1053":" ","1054":" ","1055":" ","1056":" ","1057":"}","1058":",","1059":"\\","1060":"r","1061":"\\","1062":"n","1063":" ","1064":" ","1065":" ","1066":" ","1067":"}","1068":",","1069":"\\","1070":"r","1071":"\\","1072":"n","1073":" ","1074":" ","1075":"}","1076":",","1077":"\\","1078":"r","1079":"\\","1080":"n","1081":"\\","1082":"r","1083":"\\","1084":"n","1085":" ","1086":" ","1087":"c","1088":"o","1089":"m","1090":"p","1091":"u","1092":"t","1093":"e","1094":"d","1095":":","1096":" ","1097":"{","1098":"\\","1099":"r","1100":"\\","1101":"n","1102":" ","1103":" ","1104":" ","1105":" ","1106":"b","1107":"u","1108":"t","1109":"t","1110":"o","1111":"n","1112":"C","1113":"l","1114":"a","1115":"s","1116":"s","1117":"(","1118":")","1119":" ","1120":"{","1121":"\\","1122":"r","1123":"\\","1124":"n","1125":" ","1126":" ","1127":" ","1128":" ","1129":" ","1130":" ","1131":"r","1132":"e","1133":"t","1134":"u","1135":"r","1136":"n","1137":" ","1138":"{","1139":"\\","1140":"r","1141":"\\","1142":"n","1143":" ","1144":" ","1145":" ","1146":" ","1147":" ","1148":" ","1149":" ","1150":" ","1151":"[","1152":"t","1153":"h","1154":"i","1155":"s","1156":".","1157":"t","1158":"y","1159":"p","1160":"e","1161":"]","1162":":","1163":" ","1164":"t","1165":"r","1166":"u","1167":"e","1168":",","1169":"\\","1170":"r","1171":"\\","1172":"n","1173":" ","1174":" ","1175":" ","1176":" ","1177":" ","1178":" ","1179":"}","1180":";","1181":"\\","1182":"r","1183":"\\","1184":"n","1185":" ","1186":" ","1187":" ","1188":" ","1189":"}","1190":",","1191":"\\","1192":"r","1193":"\\","1194":"n","1195":" ","1196":" ","1197":"}","1198":",","1199":"\\","1200":"r","1201":"\\","1202":"n","1203":"}","1204":";","1205":"\\","1206":"r","1207":"\\","1208":"n","1209":"<","1210":"/","1211":"s","1212":"c","1213":"r","1214":"i","1215":"p","1216":"t","1217":">","1218":"\\","1219":"r","1220":"\\","1221":"n","1222":"\\","1223":"r","1224":"\\","1225":"n","1226":"<","1227":"s","1228":"t","1229":"y","1230":"l","1231":"e","1232":" ","1233":"s","1234":"c","1235":"o","1236":"p","1237":"e","1238":"d","1239":">","1240":"\\","1241":"r","1242":"\\","1243":"n","1244":"b","1245":"u","1246":"t","1247":"t","1248":"o","1249":"n","1250":" ","1251":"{","1252":"\\","1253":"r","1254":"\\","1255":"n","1256":" ","1257":" ","1258":"@","1259":"a","1260":"p","1261":"p","1262":"l","1263":"y","1264":" ","1265":"p","1266":"x","1267":"-","1268":"5","1269":" ","1270":"p","1271":"y","1272":"-","1273":"3","1274":" ","1275":"r","1276":"o","1277":"u","1278":"n","1279":"d","1280":"e","1281":"d","1282":" ","1283":"f","1284":"o","1285":"n","1286":"t","1287":"-","1288":"m","1289":"e","1290":"d","1291":"i","1292":"u","1293":"m","1294":";","1295":"\\","1296":"r","1297":"\\","1298":"n","1299":"}","1300":"\\","1301":"r","1302":"\\","1303":"n","1304":".","1305":"p","1306":"r","1307":"i","1308":"m","1309":"a","1310":"r","1311":"y","1312":" ","1313":"{","1314":"\\","1315":"r","1316":"\\","1317":"n","1318":" ","1319":" ","1320":"@","1321":"a","1322":"p","1323":"p","1324":"l","1325":"y","1326":" ","1327":"t","1328":"e","1329":"x","1330":"t","1331":"-","1332":"w","1333":"h","1334":"i","1335":"t","1336":"e","1337":" ","1338":"b","1339":"g","1340":"-","1341":"b","1342":"r","1343":"a","1344":"n","1345":"d","1346":"-","1347":"b","1348":"l","1349":"u","1350":"e","1351":"-","1352":"1","1353":" ","1354":"h","1355":"o","1356":"v","1357":"e","1358":"r","1359":":","1360":"s","1361":"h","1362":"a","1363":"d","1364":"o","1365":"w","1366":"-","1367":"b","1368":"l","1369":"u","1370":"e","1371":";","1372":"\\","1373":"r","1374":"\\","1375":"n","1376":"}","1377":"\\","1378":"r","1379":"\\","1380":"n","1381":"\\","1382":"r","1383":"\\","1384":"n","1385":".","1386":"s","1387":"e","1388":"c","1389":"o","1390":"n","1391":"d","1392":"a","1393":"r","1394":"y","1395":" ","1396":"{","1397":"\\","1398":"r","1399":"\\","1400":"n","1401":" ","1402":" ","1403":"@","1404":"a","1405":"p","1406":"p","1407":"l","1408":"y","1409":" ","1410":"t","1411":"e","1412":"x","1413":"t","1414":"-","1415":"b","1416":"r","1417":"a","1418":"n","1419":"d","1420":"-","1421":"b","1422":"l","1423":"u","1424":"e","1425":"-","1426":"1","1427":" ","1428":"b","1429":"g","1430":"-","1431":"t","1432":"r","1433":"a","1434":"n","1435":"s","1436":"p","1437":"a","1438":"r","1439":"e","1440":"n","1441":"t","1442":" ","1443":"h","1444":"o","1445":"v","1446":"e","1447":"r","1448":":","1449":"b","1450":"g","1451":"-","1452":"b","1453":"r","1454":"a","1455":"n","1456":"d","1457":"-","1458":"b","1459":"l","1460":"u","1461":"e","1462":"-","1463":"2","1464":" ","1465":"h","1466":"o","1467":"v","1468":"e","1469":"r","1470":":","1471":"t","1472":"e","1473":"x","1474":"t","1475":"-","1476":"w","1477":"h","1478":"i","1479":"t","1480":"e","1481":";","1482":"\\","1483":"r","1484":"\\","1485":"n","1486":"}","1487":"\\","1488":"r","1489":"\\","1490":"n","1491":"<","1492":"/","1493":"s","1494":"t","1495":"y","1496":"l","1497":"e","1498":">","1499":"\\","1500":"r","1501":"\\","1502":"n","1503":"\"","1504":"]","1505":"}"},"_coverageSchema":"1a1c01bbd47fc00a2c39e90264f33305004495a9","hash":"fc7625db59c3b10703b79417afa2cffe84fa4bcf"}
,"D:\\Projects\\udemy\\job-search\\src\\components\\MainNav.vue": {"path":"D:\\Projects\\udemy\\job-search\\src\\components\\MainNav.vue","statementMap":{"0":{"start":{"line":4,"column":29},"end":{"line":4,"column":137}},"1":{"start":{"line":5,"column":0},"end":{"line":7,"column":3}},"2":{"start":{"line":8,"column":0},"end":{"line":8,"column":25}},"3":{"start":{"line":55,"column":0},"end":{"line":55,"column":13}},"4":{"start":{"line":57,"column":0},"end":{"line":59,"column":3}},"5":{"start":{"line":60,"column":0},"end":{"line":60,"column":24}},"6":{"start":{"line":61,"column":11},"end":{"line":61,"column":25}},"7":{"start":{"line":62,"column":19},"end":{"line":64,"column":1}},"8":{"start":{"line":65,"column":19},"end":{"line":67,"column":1}},"9":{"start":{"line":68,"column":19},"end":{"line":70,"column":1}},"10":{"start":{"line":71,"column":19},"end":{"line":71,"column":27}},"11":{"start":{"line":72,"column":19},"end":{"line":74,"column":1}},"12":{"start":{"line":75,"column":19},"end":{"line":77,"column":1}},"13":{"start":{"line":78,"column":19},"end":{"line":81,"column":1}},"14":{"start":{"line":82,"column":19},"end":{"line":84,"column":1}},"15":{"start":{"line":86,"column":35},"end":{"line":86,"column":78}},"16":{"start":{"line":87,"column":35},"end":{"line":87,"column":78}},"17":{"start":{"line":88,"column":28},"end":{"line":88,"column":64}},"18":{"start":{"line":89,"column":2},"end":{"line":110,"column":55}},"19":{"start":{"line":93,"column":4},"end":{"line":97,"column":107}},"20":{"start":{"line":111,"column":2},"end":{"line":111,"column":49}}},"fnMap":{"0":{"name":"render","decl":{"start":{"line":85,"column":9},"end":{"line":85,"column":15}},"loc":{"start":{"line":85,"column":30},"end":{"line":111,"column":1}},"line":85},"1":{"name":"(anonymous_1)","decl":{"start":{"line":92,"column":292},"end":{"line":92,"column":293}},"loc":{"start":{"line":92,"column":304},"end":{"line":98,"column":3}},"line":92}},"branchMap":{"0":{"loc":{"start":{"line":98,"column":87},"end":{"line":108,"column":40}},"type":"cond-expr","locations":[{"start":{"line":98,"column":107},"end":{"line":104,"column":39}},{"start":{"line":104,"column":44},"end":{"line":108,"column":39}}],"line":98},"1":{"loc":{"start":{"line":108,"column":46},"end":{"line":110,"column":50}},"type":"cond-expr","locations":[{"start":{"line":108,"column":65},"end":{"line":110,"column":4}},{"start":{"line":110,"column":8},"end":{"line":110,"column":50}}],"line":108}},"s":{"0":1,"1":1,"2":1,"3":1,"4":1,"5":1,"6":1,"7":1,"8":1,"9":1,"10":1,"11":1,"12":1,"13":1,"14":1,"15":5,"16":5,"17":5,"18":5,"19":30,"20":1},"f":{"0":5,"1":30},"b":{"0":[4,1],"1":[1,4]},"inputSourceMap":{"0":"{","1":"\"","2":"v","3":"e","4":"r","5":"s","6":"i","7":"o","8":"n","9":"\"","10":":","11":"3","12":",","13":"\"","14":"s","15":"o","16":"u","17":"r","18":"c","19":"e","20":"s","21":"\"","22":":","23":"[","24":"\"","25":"D","26":":","27":"\\","28":"\\","29":"P","30":"r","31":"o","32":"j","33":"e","34":"c","35":"t","36":"s","37":"\\","38":"\\","39":"u","40":"d","41":"e","42":"m","43":"y","44":"\\","45":"\\","46":"j","47":"o","48":"b","49":"-","50":"s","51":"e","52":"a","53":"r","54":"c","55":"h","56":"\\","57":"\\","58":"s","59":"r","60":"c","61":"\\","62":"\\","63":"c","64":"o","65":"m","66":"p","67":"o","68":"n","69":"e","70":"n","71":"t","72":"s","73":"\\","74":"\\","75":"M","76":"a","77":"i","78":"n","79":"N","80":"a","81":"v","82":".","83":"v","84":"u","85":"e","86":"\"","87":"]","88":",","89":"\"","90":"n","91":"a","92":"m","93":"e","94":"s","95":"\"","96":":","97":"[","98":"]","99":",","100":"\"","101":"m","102":"a","103":"p","104":"p","105":"i","106":"n","107":"g","108":"s","109":"\"","110":":","111":"\"","112":";","113":";","114":";","115":";","116":";","117":";","118":";","119":";","120":"A","121":"A","122":"2","123":"C","124":"A","125":";","126":"A","127":"A","128":"A","129":"A","130":";","131":"A","132":"A","133":"A","134":"A","135":";","136":"A","137":"A","138":"C","139":"A","140":";","141":"A","142":"A","143":"A","144":"A","145":";","146":"A","147":"A","148":"A","149":"A","150":";","151":"A","152":"A","153":"C","154":"A","155":";","156":"A","157":"A","158":"A","159":"A","160":";","161":"A","162":"A","163":"A","164":"A","165":";","166":"A","167":"A","168":"A","169":"6","170":"C","171":";","172":"A","173":"A","174":"A","175":"A","176":",","177":"e","178":"A","179":"E","180":"9","181":"B","182":";","183":"E","184":"A","185":"C","186":"b","187":",","188":"I","189":"A","190":"A","191":"I","192":",","193":"E","194":"A","195":"A","196":"E","197":",","198":"S","199":"A","200":"A","201":"S","202":";","203":"E","204":"A","205":"A","206":"E","207":";","208":"E","209":"A","210":"C","211":"j","212":"B","213":",","214":"U","215":"A","216":"A","217":"U","218":",","219":"E","220":"A","221":"A","222":"E","223":";","224":"I","225":"A","226":"C","227":"V","228":",","229":"Y","230":"A","231":"A","232":"Y","233":";","234":"I","235":"A","236":"A","237":"Z","238":";","239":"I","240":"A","241":"A","242":"A","243":";","244":"I","245":"A","246":"A","247":"A","248":";","249":"I","250":"A","251":"A","252":"A","253":",","254":"O","255":"A","256":"A","257":"Y","258":";","259":"I","260":"A","261":"C","262":"Z","263":",","264":"Y","265":"A","266":"A","267":"Y","268":";","269":"I","270":"A","271":"A","272":"Z","273":";","274":"I","275":"A","276":"A","277":"A","278":";","279":"I","280":"A","281":"A","282":"A","283":";","284":"I","285":"A","286":"A","287":"A","288":",","289":"O","290":"A","291":"A","292":"Y","293":";","294":"I","295":"A","296":"C","297":"Z","298":",","299":"M","300":"A","301":"A","302":"M","303":";","304":"I","305":"A","306":"A","307":"N","308":";","309":"I","310":"A","311":"A","312":"A","313":";","314":"I","315":"A","316":"A","317":"A","318":";","319":"I","320":"A","321":"A","322":"A","323":";","324":"E","325":"A","326":"C","327":"F","328":",","329":"C","330":"A","331":"A","332":"C","333":";","334":"E","335":"A","336":"C","337":"D","338":",","339":"I","340":"A","341":"A","342":"I","343":",","344":"G","345":"A","346":"A","347":"G","348":";","349":"I","350":"A","351":"C","352":"L","353":",","354":"O","355":"A","356":"A","357":"O","358":";","359":"M","360":"A","361":"C","362":"L","363":",","364":"O","365":"A","366":"A","367":"O","368":",","369":"E","370":"A","371":"A","372":"E","373":",","374":"a","375":"A","376":"A","377":"a","378":";","379":"M","380":"A","381":"C","382":"t","383":"B","384":",","385":"G","386":"A","387":"A","388":"G","389":",","390":"E","391":"A","392":"A","393":"E","394":",","395":"4","396":"B","397":"A","398":"A","399":"4","400":"B","401":";","402":"M","403":"A","404":"C","405":"j","406":"C","407":",","408":"S","409":"A","410":"A","411":"S","412":",","413":"E","414":"A","415":"A","416":"E","417":",","418":"C","419":"A","420":"C","421":"T","422":",","423":"O","424":"A","425":"A","426":"O","427":",","428":"E","429":"A","430":"C","431":"P","432":",","433":"W","434":"A","435":"A","436":"W","437":",","438":"E","439":"A","440":"C","441":"X","442":",","443":"a","444":"A","445":"A","446":"a","447":",","448":"E","449":"A","450":"C","451":"b","452":",","453":"M","454":"A","455":"A","456":"M","457":",","458":"E","459":"A","460":"C","461":"N","462":",","463":"U","464":"A","465":"A","466":"U","467":",","468":"E","469":"A","470":"C","471":"V","472":",","473":"M","474":"A","475":"A","476":"M","477":",","478":"C","479":"A","480":"C","481":"P","482":";","483":"M","484":"A","485":"C","486":"D","487":",","488":"U","489":"A","490":"A","491":"U","492":",","493":"E","494":"A","495":"A","496":"E","497":";","498":"I","499":"A","500":"C","501":"d","502":",","503":"C","504":"A","505":"A","506":"C","507":";","508":"E","509":"A","510":"C","511":"H","512":",","513":"C","514":"A","515":"A","516":"C","517":";","518":"E","519":"A","520":"C","521":"D","522":",","523":"O","524":"A","525":"A","526":"O","527":",","528":"E","529":"A","530":"A","531":"E","532":";","533":"I","534":"A","535":"C","536":"P","537":",","538":"S","539":"A","540":"A","541":"S","542":",","543":"G","544":"A","545":"A","546":"G","547":";","548":"M","549":"A","550":"C","551":"V","552":",","553":"I","554":"A","555":"A","556":"I","557":",","558":"C","559":"A","560":"A","561":"C","562":",","563":"U","564":"A","565":"A","566":"U","567":",","568":"G","569":"A","570":"A","571":"G","572":",","573":"C","574":"A","575":"A","576":"C","577":",","578":"I","579":"A","580":"A","581":"I","582":",","583":"C","584":"A","585":"A","586":"C","587":",","588":"U","589":"A","590":"A","591":"U","592":";","593":"I","594":"A","595":"C","596":"p","597":"C","598":";","599":"E","600":"A","601":"C","602":"F","603":";","604":"A","605":"A","606":"C","607":"F","608":",","609":"C","610":"A","611":"A","612":"C","613":";","614":"A","615":"A","616":"A","617":"A","618":";","619":"A","620":"A","621":"A","622":"A","623":"\"","624":",","625":"\"","626":"f","627":"i","628":"l","629":"e","630":"\"","631":":","632":"\"","633":"D","634":":","635":"\\","636":"\\","637":"P","638":"r","639":"o","640":"j","641":"e","642":"c","643":"t","644":"s","645":"\\","646":"\\","647":"u","648":"d","649":"e","650":"m","651":"y","652":"\\","653":"\\","654":"j","655":"o","656":"b","657":"-","658":"s","659":"e","660":"a","661":"r","662":"c","663":"h","664":"\\","665":"\\","666":"s","667":"r","668":"c","669":"\\","670":"\\","671":"c","672":"o","673":"m","674":"p","675":"o","676":"n","677":"e","678":"n","679":"t","680":"s","681":"\\","682":"\\","683":"M","684":"a","685":"i","686":"n","687":"N","688":"a","689":"v","690":".","691":"v","692":"u","693":"e","694":"\"","695":",","696":"\"","697":"s","698":"o","699":"u","700":"r","701":"c","702":"e","703":"s","704":"C","705":"o","706":"n","707":"t","708":"e","709":"n","710":"t","711":"\"","712":":","713":"[","714":"\"","715":"<","716":"t","717":"e","718":"m","719":"p","720":"l","721":"a","722":"t","723":"e","724":">","725":"\\","726":"r","727":"\\","728":"n","729":" ","730":" ","731":"<","732":"h","733":"e","734":"a","735":"d","736":"e","737":"r","738":" ","739":"c","740":"l","741":"a","742":"s","743":"s","744":"=","745":"\\","746":"\"","747":"w","748":"-","749":"f","750":"u","751":"l","752":"l","753":" ","754":"t","755":"e","756":"x","757":"t","758":"-","759":"s","760":"m","761":"\\","762":"\"","763":">","764":"\\","765":"r","766":"\\","767":"n","768":" ","769":" ","770":" ","771":" ","772":"<","773":"d","774":"i","775":"v","776":" ","777":"c","778":"l","779":"a","780":"s","781":"s","782":"=","783":"\\","784":"\"","785":"f","786":"i","787":"x","788":"e","789":"d","790":" ","791":"t","792":"o","793":"p","794":"-","795":"0","796":" ","797":"l","798":"e","799":"f","800":"t","801":"-","802":"0","803":" ","804":"w","805":"-","806":"f","807":"u","808":"l","809":"l","810":" ","811":"h","812":"-","813":"1","814":"6","815":" ","816":"b","817":"g","818":"-","819":"w","820":"h","821":"i","822":"t","823":"e","824":"\\","825":"\"","826":">","827":"\\","828":"r","829":"\\","830":"n","831":" ","832":" ","833":" ","834":" ","835":" ","836":" ","837":"<","838":"d","839":"i","840":"v","841":"\\","842":"r","843":"\\","844":"n","845":" ","846":" ","847":" ","848":" ","849":" ","850":" ","851":" ","852":" ","853":"c","854":"l","855":"a","856":"s","857":"s","858":"=","859":"\\","860":"\"","861":"f","862":"l","863":"e","864":"x","865":" ","866":"f","867":"l","868":"e","869":"x","870":"-","871":"n","872":"o","873":"w","874":"r","875":"a","876":"p","877":" ","878":"h","879":"-","880":"f","881":"u","882":"l","883":"l","884":" ","885":"p","886":"x","887":"-","888":"8","889":" ","890":"m","891":"x","892":"-","893":"a","894":"u","895":"t","896":"o","897":" ","898":"b","899":"o","900":"r","901":"d","902":"e","903":"r","904":"-","905":"b","906":" ","907":"b","908":"o","909":"r","910":"d","911":"e","912":"r","913":"-","914":"s","915":"o","916":"l","917":"i","918":"d","919":" ","920":"b","921":"o","922":"r","923":"d","924":"e","925":"r","926":"-","927":"b","928":"r","929":"a","930":"n","931":"d","932":"-","933":"g","934":"r","935":"a","936":"y","937":"-","938":"1","939":"\\","940":"\"","941":"\\","942":"r","943":"\\","944":"n","945":" ","946":" ","947":" ","948":" ","949":" ","950":" ","951":">","952":"\\","953":"r","954":"\\","955":"n","956":" ","957":" ","958":" ","959":" ","960":" ","961":" ","962":" ","963":" ","964":"<","965":"a","966":" ","967":":","968":"h","969":"r","970":"e","971":"f","972":"=","973":"\\","974":"\"","975":"u","976":"r","977":"l","978":"\\","979":"\"","980":" ","981":"c","982":"l","983":"a","984":"s","985":"s","986":"=","987":"\\","988":"\"","989":"f","990":"l","991":"e","992":"x","993":" ","994":"i","995":"t","996":"e","997":"m","998":"s","999":"-","1000":"c","1001":"e","1002":"n","1003":"t","1004":"e","1005":"r","1006":" ","1007":"h","1008":"-","1009":"f","1010":"u","1011":"l","1012":"l","1013":" ","1014":"t","1015":"e","1016":"x","1017":"t","1018":"-","1019":"x","1020":"l","1021":"\\","1022":"\"","1023":">","1024":"{","1025":"{","1026":"\\","1027":"r","1028":"\\","1029":"n","1030":" ","1031":" ","1032":" ","1033":" ","1034":" ","1035":" ","1036":" ","1037":" ","1038":" ","1039":" ","1040":"c","1041":"o","1042":"m","1043":"p","1044":"a","1045":"n","1046":"y","1047":"\\","1048":"r","1049":"\\","1050":"n","1051":" ","1052":" ","1053":" ","1054":" ","1055":" ","1056":" ","1057":" ","1058":" ","1059":"}","1060":"}","1061":"<","1062":"/","1063":"a","1064":">","1065":"\\","1066":"r","1067":"\\","1068":"n","1069":"\\","1070":"r","1071":"\\","1072":"n","1073":" ","1074":" ","1075":" ","1076":" ","1077":" ","1078":" ","1079":" ","1080":" ","1081":"<","1082":"n","1083":"a","1084":"v","1085":" ","1086":"c","1087":"l","1088":"a","1089":"s","1090":"s","1091":"=","1092":"\\","1093":"\"","1094":"h","1095":"-","1096":"f","1097":"u","1098":"l","1099":"l","1100":" ","1101":"m","1102":"l","1103":"-","1104":"1","1105":"2","1106":"\\","1107":"\"","1108":">","1109":"\\","1110":"r","1111":"\\","1112":"n","1113":" ","1114":" ","1115":" ","1116":" ","1117":" ","1118":" ","1119":" ","1120":" ","1121":" ","1122":" ","1123":"<","1124":"u","1125":"l","1126":" ","1127":"c","1128":"l","1129":"a","1130":"s","1131":"s","1132":"=","1133":"\\","1134":"\"","1135":"f","1136":"l","1137":"e","1138":"x","1139":" ","1140":"h","1141":"-","1142":"f","1143":"u","1144":"l","1145":"l","1146":" ","1147":"p","1148":"-","1149":"0","1150":" ","1151":"m","1152":"-","1153":"0","1154":" ","1155":"l","1156":"i","1157":"s","1158":"t","1159":"-","1160":"n","1161":"o","1162":"n","1163":"e","1164":"\\","1165":"\"","1166":">","1167":"\\","1168":"r","1169":"\\","1170":"n","1171":" ","1172":" ","1173":" ","1174":" ","1175":" ","1176":" ","1177":" ","1178":" ","1179":" ","1180":" ","1181":" ","1182":" ","1183":"<","1184":"l","1185":"i","1186":"\\","1187":"r","1188":"\\","1189":"n","1190":" ","1191":" ","1192":" ","1193":" ","1194":" ","1195":" ","1196":" ","1197":" ","1198":" ","1199":" ","1200":" ","1201":" ","1202":" ","1203":" ","1204":"c","1205":"l","1206":"a","1207":"s","1208":"s","1209":"=","1210":"\\","1211":"\"","1212":"h","1213":"-","1214":"f","1215":"u","1216":"l","1217":"l","1218":" ","1219":"m","1220":"l","1221":"-","1222":"9","1223":" ","1224":"f","1225":"i","1226":"r","1227":"s","1228":"t","1229":":","1230":"m","1231":"l","1232":"-","1233":"0","1234":"\\","1235":"\"","1236":"\\","1237":"r","1238":"\\","1239":"n","1240":" ","1241":" ","1242":" ","1243":" ","1244":" ","1245":" ","1246":" ","1247":" ","1248":" ","1249":" ","1250":" ","1251":" ","1252":" ","1253":" ","1254":"v","1255":"-","1256":"f","1257":"o","1258":"r","1259":"=","1260":"\\","1261":"\"","1262":"m","1263":"e","1264":"n","1265":"u","1266":"I","1267":"t","1268":"e","1269":"m","1270":" ","1271":"i","1272":"n","1273":" ","1274":"m","1275":"e","1276":"n","1277":"u","1278":"I","1279":"t","1280":"e","1281":"m","1282":"s","1283":"\\","1284":"\"","1285":"\\","1286":"r","1287":"\\","1288":"n","1289":" ","1290":" ","1291":" ","1292":" ","1293":" ","1294":" ","1295":" ","1296":" ","1297":" ","1298":" ","1299":" ","1300":" ","1301":" ","1302":" ","1303":":","1304":"k","1305":"e","1306":"y","1307":"=","1308":"\\","1309":"\"","1310":"m","1311":"e","1312":"n","1313":"u","1314":"I","1315":"t","1316":"e","1317":"m","1318":"\\","1319":"\"","1320":"\\","1321":"r","1322":"\\","1323":"n","1324":" ","1325":" ","1326":" ","1327":" ","1328":" ","1329":" ","1330":" ","1331":" ","1332":" ","1333":" ","1334":" ","1335":" ","1336":" ","1337":" ","1338":"d","1339":"a","1340":"t","1341":"a","1342":"-","1343":"t","1344":"e","1345":"s","1346":"t","1347":"=","1348":"\\","1349":"\"","1350":"m","1351":"a","1352":"i","1353":"n","1354":"-","1355":"n","1356":"a","1357":"v","1358":"-","1359":"l","1360":"i","1361":"s","1362":"t","1363":"-","1364":"i","1365":"t","1366":"e","1367":"m","1368":"\\","1369":"\"","1370":"\\","1371":"r","1372":"\\","1373":"n","1374":" ","1375":" ","1376":" ","1377":" ","1378":" ","1379":" ","1380":" ","1381":" ","1382":" ","1383":" ","1384":" ","1385":" ","1386":">","1387":"\\","1388":"r","1389":"\\","1390":"n","1391":" ","1392":" ","1393":" ","1394":" ","1395":" ","1396":" ","1397":" ","1398":" ","1399":" ","1400":" ","1401":" ","1402":" ","1403":" ","1404":" ","1405":"<","1406":"a","1407":" ","1408":"h","1409":"r","1410":"e","1411":"f","1412":"=","1413":"\\","1414":"\"","1415":"\\","1416":"\"","1417":" ","1418":"c","1419":"l","1420":"a","1421":"s","1422":"s","1423":"=","1424":"\\","1425":"\"","1426":"f","1427":"l","1428":"e","1429":"x","1430":" ","1431":"i","1432":"t","1433":"e","1434":"m","1435":"s","1436":"-","1437":"c","1438":"e","1439":"n","1440":"t","1441":"e","1442":"r","1443":" ","1444":"h","1445":"-","1446":"f","1447":"u","1448":"l","1449":"l","1450":" ","1451":"p","1452":"y","1453":"-","1454":"2","1455":".","1456":"5","1457":"\\","1458":"\"","1459":">","1460":"{","1461":"{","1462":"\\","1463":"r","1464":"\\","1465":"n","1466":" ","1467":" ","1468":" ","1469":" ","1470":" ","1471":" ","1472":" ","1473":" ","1474":" ","1475":" ","1476":" ","1477":" ","1478":" ","1479":" ","1480":" ","1481":" ","1482":"m","1483":"e","1484":"n","1485":"u","1486":"I","1487":"t","1488":"e","1489":"m","1490":"\\","1491":"r","1492":"\\","1493":"n","1494":" ","1495":" ","1496":" ","1497":" ","1498":" ","1499":" ","1500":" ","1501":" ","1502":" ","1503":" ","1504":" ","1505":" ","1506":" ","1507":" ","1508":"}","1509":"}","1510":"<","1511":"/","1512":"a","1513":">","1514":"\\","1515":"r","1516":"\\","1517":"n","1518":" ","1519":" ","1520":" ","1521":" ","1522":" ","1523":" ","1524":" ","1525":" ","1526":" ","1527":" ","1528":" ","1529":" ","1530":"<","1531":"/","1532":"l","1533":"i","1534":">","1535":"\\","1536":"r","1537":"\\","1538":"n","1539":" ","1540":" ","1541":" ","1542":" ","1543":" ","1544":" ","1545":" ","1546":" ","1547":" ","1548":" ","1549":"<","1550":"/","1551":"u","1552":"l","1553":">","1554":"\\","1555":"r","1556":"\\","1557":"n","1558":" ","1559":" ","1560":" ","1561":" ","1562":" ","1563":" ","1564":" ","1565":" ","1566":"<","1567":"/","1568":"n","1569":"a","1570":"v","1571":">","1572":"\\","1573":"r","1574":"\\","1575":"n","1576":"\\","1577":"r","1578":"\\","1579":"n","1580":" ","1581":" ","1582":" ","1583":" ","1584":" ","1585":" ","1586":" ","1587":" ","1588":"<","1589":"d","1590":"i","1591":"v","1592":" ","1593":"c","1594":"l","1595":"a","1596":"s","1597":"s","1598":"=","1599":"\\","1600":"\"","1601":"f","1602":"l","1603":"e","1604":"x","1605":" ","1606":"i","1607":"t","1608":"e","1609":"m","1610":"s","1611":"-","1612":"c","1613":"e","1614":"n","1615":"t","1616":"e","1617":"r","1618":" ","1619":"h","1620":"-","1621":"f","1622":"u","1623":"l","1624":"l","1625":" ","1626":"m","1627":"l","1628":"-","1629":"a","1630":"u","1631":"t","1632":"o","1633":"\\","1634":"\"","1635":">","1636":"\\","1637":"r","1638":"\\","1639":"n","1640":" ","1641":" ","1642":" ","1643":" ","1644":" ","1645":" ","1646":" ","1647":" ","1648":" ","1649":" ","1650":"<","1651":"a","1652":"c","1653":"t","1654":"i","1655":"o","1656":"n","1657":"-","1658":"b","1659":"u","1660":"t","1661":"t","1662":"o","1663":"n","1664":"\\","1665":"r","1666":"\\","1667":"n","1668":" ","1669":" ","1670":" ","1671":" ","1672":" ","1673":" ","1674":" ","1675":" ","1676":" ","1677":" ","1678":" ","1679":" ","1680":"v","1681":"-","1682":"i","1683":"f","1684":"=","1685":"\\","1686":"\"","1687":"!","1688":"i","1689":"s","1690":"L","1691":"o","1692":"g","1693":"g","1694":"e","1695":"d","1696":"I","1697":"n","1698":"\\","1699":"\"","1700":"\\","1701":"r","1702":"\\","1703":"n","1704":" ","1705":" ","1706":" ","1707":" ","1708":" ","1709":" ","1710":" ","1711":" ","1712":" ","1713":" ","1714":" ","1715":" ","1716":"d","1717":"a","1718":"t","1719":"a","1720":"-","1721":"t","1722":"e","1723":"s","1724":"t","1725":"=","1726":"\\","1727":"\"","1728":"l","1729":"o","1730":"g","1731":"i","1732":"n","1733":"-","1734":"b","1735":"u","1736":"t","1737":"t","1738":"o","1739":"n","1740":"\\","1741":"\"","1742":"\\","1743":"r","1744":"\\","1745":"n","1746":" ","1747":" ","1748":" ","1749":" ","1750":" ","1751":" ","1752":" ","1753":" ","1754":" ","1755":" ","1756":" ","1757":" ","1758":"@","1759":":","1760":"c","1761":"l","1762":"i","1763":"c","1764":"k","1765":"=","1766":"\\","1767":"\"","1768":"l","1769":"o","1770":"g","1771":"i","1772":"n","1773":"U","1774":"s","1775":"e","1776":"r","1777":"\\","1778":"\"","1779":"\\","1780":"r","1781":"\\","1782":"n","1783":" ","1784":" ","1785":" ","1786":" ","1787":" ","1788":" ","1789":" ","1790":" ","1791":" ","1792":" ","1793":" ","1794":" ","1795":"t","1796":"e","1797":"x","1798":"t","1799":"=","1800":"\\","1801":"\"","1802":"S","1803":"i","1804":"g","1805":"n","1806":" ","1807":"i","1808":"n","1809":"\\","1810":"\"","1811":"\\","1812":"r","1813":"\\","1814":"n","1815":" ","1816":" ","1817":" ","1818":" ","1819":" ","1820":" ","1821":" ","1822":" ","1823":" ","1824":" ","1825":" ","1826":" ","1827":"t","1828":"y","1829":"p","1830":"e","1831":"=","1832":"\\","1833":"\"","1834":"p","1835":"r","1836":"i","1837":"m","1838":"a","1839":"r","1840":"y","1841":"\\","1842":"\"","1843":"\\","1844":"r","1845":"\\","1846":"n","1847":" ","1848":" ","1849":" ","1850":" ","1851":" ","1852":" ","1853":" ","1854":" ","1855":" ","1856":" ","1857":"/","1858":">","1859":"\\","1860":"r","1861":"\\","1862":"n","1863":" ","1864":" ","1865":" ","1866":" ","1867":" ","1868":" ","1869":" ","1870":" ","1871":" ","1872":" ","1873":"<","1874":"p","1875":"r","1876":"o","1877":"f","1878":"i","1879":"l","1880":"e","1881":"-","1882":"i","1883":"m","1884":"a","1885":"g","1886":"e","1887":" ","1888":"v","1889":"-","1890":"e","1891":"l","1892":"s","1893":"e","1894":" ","1895":"d","1896":"a","1897":"t","1898":"a","1899":"-","1900":"t","1901":"e","1902":"s","1903":"t","1904":"=","1905":"\\","1906":"\"","1907":"p","1908":"r","1909":"o","1910":"f","1911":"i","1912":"l","1913":"e","1914":"-","1915":"i","1916":"m","1917":"a","1918":"g","1919":"e","1920":"\\","1921":"\"","1922":" ","1923":"@","1924":":","1925":"c","1926":"l","1927":"i","1928":"c","1929":"k","1930":"=","1931":"\\","1932":"\"","1933":"l","1934":"o","1935":"g","1936":"i","1937":"n","1938":"U","1939":"s","1940":"e","1941":"r","1942":"\\","1943":"\"","1944":" ","1945":"/","1946":">","1947":"\\","1948":"r","1949":"\\","1950":"n","1951":" ","1952":" ","1953":" ","1954":" ","1955":" ","1956":" ","1957":" ","1958":" ","1959":"<","1960":"/","1961":"d","1962":"i","1963":"v","1964":">","1965":"\\","1966":"r","1967":"\\","1968":"n","1969":" ","1970":" ","1971":" ","1972":" ","1973":" ","1974":" ","1975":"<","1976":"/","1977":"d","1978":"i","1979":"v","1980":">","1981":"\\","1982":"r","1983":"\\","1984":"n","1985":"\\","1986":"r","1987":"\\","1988":"n","1989":" ","1990":" ","1991":" ","1992":" ","1993":" ","1994":" ","1995":"<","1996":"s","1997":"u","1998":"b","1999":"n","2000":"a","2001":"v","2002":" ","2003":"v","2004":"-","2005":"i","2006":"f","2007":"=","2008":"\\","2009":"\"","2010":"i","2011":"s","2012":"L","2013":"o","2014":"g","2015":"g","2016":"e","2017":"d","2018":"I","2019":"n","2020":"\\","2021":"\"","2022":" ","2023":"/","2024":">","2025":"\\","2026":"r","2027":"\\","2028":"n","2029":" ","2030":" ","2031":" ","2032":" ","2033":"<","2034":"/","2035":"d","2036":"i","2037":"v","2038":">","2039":"\\","2040":"r","2041":"\\","2042":"n","2043":" ","2044":" ","2045":"<","2046":"/","2047":"h","2048":"e","2049":"a","2050":"d","2051":"e","2052":"r","2053":">","2054":"\\","2055":"r","2056":"\\","2057":"n","2058":"<","2059":"/","2060":"t","2061":"e","2062":"m","2063":"p","2064":"l","2065":"a","2066":"t","2067":"e","2068":">","2069":"\\","2070":"r","2071":"\\","2072":"n","2073":"\\","2074":"r","2075":"\\","2076":"n","2077":"<","2078":"s","2079":"c","2080":"r","2081":"i","2082":"p","2083":"t","2084":">","2085":"\\","2086":"r","2087":"\\","2088":"n","2089":"i","2090":"m","2091":"p","2092":"o","2093":"r","2094":"t","2095":" ","2096":"A","2097":"c","2098":"t","2099":"i","2100":"o","2101":"n","2102":"B","2103":"u","2104":"t","2105":"t","2106":"o","2107":"n","2108":" ","2109":"f","2110":"r","2111":"o","2112":"m","2113":" ","2114":"\\","2115":"\"","2116":"@","2117":"/","2118":"c","2119":"o","2120":"m","2121":"p","2122":"o","2123":"n","2124":"e","2125":"n","2126":"t","2127":"s","2128":"/","2129":"A","2130":"c","2131":"t","2132":"i","2133":"o","2134":"n","2135":"B","2136":"u","2137":"t","2138":"t","2139":"o","2140":"n","2141":".","2142":"v","2143":"u","2144":"e","2145":"\\","2146":"\"","2147":";","2148":"\\","2149":"r","2150":"\\","2151":"n","2152":"i","2153":"m","2154":"p","2155":"o","2156":"r","2157":"t","2158":" ","2159":"P","2160":"r","2161":"o","2162":"f","2163":"i","2164":"l","2165":"e","2166":"I","2167":"m","2168":"a","2169":"g","2170":"e","2171":" ","2172":"f","2173":"r","2174":"o","2175":"m","2176":" ","2177":"\\","2178":"\"","2179":"@","2180":"/","2181":"c","2182":"o","2183":"m","2184":"p","2185":"o","2186":"n","2187":"e","2188":"n","2189":"t","2190":"s","2191":"/","2192":"P","2193":"r","2194":"o","2195":"f","2196":"i","2197":"l","2198":"e","2199":"I","2200":"m","2201":"a","2202":"g","2203":"e","2204":".","2205":"v","2206":"u","2207":"e","2208":"\\","2209":"\"","2210":";","2211":"\\","2212":"r","2213":"\\","2214":"n","2215":"i","2216":"m","2217":"p","2218":"o","2219":"r","2220":"t","2221":" ","2222":"S","2223":"u","2224":"b","2225":"n","2226":"a","2227":"v","2228":" ","2229":"f","2230":"r","2231":"o","2232":"m","2233":" ","2234":"\\","2235":"\"","2236":"@","2237":"/","2238":"c","2239":"o","2240":"m","2241":"p","2242":"o","2243":"n","2244":"e","2245":"n","2246":"t","2247":"s","2248":"/","2249":"S","2250":"u","2251":"b","2252":"n","2253":"a","2254":"v","2255":".","2256":"v","2257":"u","2258":"e","2259":"\\","2260":"\"","2261":";","2262":"\\","2263":"r","2264":"\\","2265":"n","2266":"\\","2267":"r","2268":"\\","2269":"n","2270":"e","2271":"x","2272":"p","2273":"o","2274":"r","2275":"t","2276":" ","2277":"d","2278":"e","2279":"f","2280":"a","2281":"u","2282":"l","2283":"t","2284":" ","2285":"{","2286":"\\","2287":"r","2288":"\\","2289":"n","2290":" ","2291":" ","2292":"n","2293":"a","2294":"m","2295":"e","2296":":","2297":" ","2298":"\\","2299":"\"","2300":"M","2301":"a","2302":"i","2303":"n","2304":"N","2305":"a","2306":"v","2307":"\\","2308":"\"","2309":",","2310":" ","2311":"/","2312":"/","2313":"f","2314":"o","2315":"r","2316":" ","2317":"u","2318":"s","2319":"e","2320":"d","2321":" ","2322":"n","2323":"a","2324":"m","2325":"e","2326":"\\","2327":"r","2328":"\\","2329":"n","2330":" ","2331":" ","2332":"c","2333":"o","2334":"m","2335":"p","2336":"o","2337":"n","2338":"e","2339":"n","2340":"t","2341":"s","2342":":","2343":" ","2344":"{","2345":"\\","2346":"r","2347":"\\","2348":"n","2349":" ","2350":" ","2351":" ","2352":" ","2353":"A","2354":"c","2355":"t","2356":"i","2357":"o","2358":"n","2359":"B","2360":"u","2361":"t","2362":"t","2363":"o","2364":"n","2365":",","2366":"\\","2367":"r","2368":"\\","2369":"n","2370":" ","2371":" ","2372":" ","2373":" ","2374":"P","2375":"r","2376":"o","2377":"f","2378":"i","2379":"l","2380":"e","2381":"I","2382":"m","2383":"a","2384":"g","2385":"e","2386":",","2387":"\\","2388":"r","2389":"\\","2390":"n","2391":" ","2392":" ","2393":" ","2394":" ","2395":"S","2396":"u","2397":"b","2398":"n","2399":"a","2400":"v","2401":",","2402":"\\","2403":"r","2404":"\\","2405":"n","2406":" ","2407":" ","2408":"}","2409":",","2410":"\\","2411":"r","2412":"\\","2413":"n","2414":" ","2415":" ","2416":"d","2417":"a","2418":"t","2419":"a","2420":"(","2421":")","2422":" ","2423":"{","2424":"\\","2425":"r","2426":"\\","2427":"n","2428":" ","2429":" ","2430":" ","2431":" ","2432":"r","2433":"e","2434":"t","2435":"u","2436":"r","2437":"n","2438":" ","2439":"{","2440":"\\","2441":"r","2442":"\\","2443":"n","2444":" ","2445":" ","2446":" ","2447":" ","2448":" ","2449":" ","2450":"c","2451":"o","2452":"m","2453":"p","2454":"a","2455":"n","2456":"y","2457":":","2458":" ","2459":"\\","2460":"\"","2461":"N","2462":"O","2463":"W","2464":" ","2465":"C","2466":"a","2467":"r","2468":"e","2469":"e","2470":"r","2471":"s","2472":"\\","2473":"\"","2474":",","2475":"\\","2476":"r","2477":"\\","2478":"n","2479":" ","2480":" ","2481":" ","2482":" ","2483":" ","2484":" ","2485":"u","2486":"r","2487":"l","2488":":","2489":" ","2490":"\\","2491":"\"","2492":"h","2493":"t","2494":"t","2495":"p","2496":"s","2497":":","2498":"/","2499":"/","2500":"c","2501":"a","2502":"r","2503":"e","2504":"e","2505":"r","2506":"s","2507":".","2508":"g","2509":"o","2510":"o","2511":"g","2512":"l","2513":"e","2514":".","2515":"c","2516":"o","2517":"m","2518":"\\","2519":"\"","2520":",","2521":"\\","2522":"r","2523":"\\","2524":"n","2525":" ","2526":" ","2527":" ","2528":" ","2529":" ","2530":" ","2531":"m","2532":"e","2533":"n","2534":"u","2535":"I","2536":"t","2537":"e","2538":"m","2539":"s","2540":":","2541":" ","2542":"[","2543":"\\","2544":"r","2545":"\\","2546":"n","2547":" ","2548":" ","2549":" ","2550":" ","2551":" ","2552":" ","2553":" ","2554":" ","2555":"\\","2556":"\"","2557":"T","2558":"e","2559":"a","2560":"m","2561":"s","2562":"\\","2563":"\"","2564":",","2565":"\\","2566":"r","2567":"\\","2568":"n","2569":" ","2570":" ","2571":" ","2572":" ","2573":" ","2574":" ","2575":" ","2576":" ","2577":"\\","2578":"\"","2579":"L","2580":"o","2581":"c","2582":"a","2583":"t","2584":"i","2585":"o","2586":"n","2587":"s","2588":"\\","2589":"\"","2590":",","2591":"\\","2592":"r","2593":"\\","2594":"n","2595":" ","2596":" ","2597":" ","2598":" ","2599":" ","2600":" ","2601":" ","2602":" ","2603":"\\","2604":"\"","2605":"L","2606":"i","2607":"f","2608":"e","2609":" ","2610":"a","2611":"t","2612":" ","2613":"N","2614":"O","2615":"W","2616":"\\","2617":"\"","2618":",","2619":"\\","2620":"r","2621":"\\","2622":"n","2623":" ","2624":" ","2625":" ","2626":" ","2627":" ","2628":" ","2629":" ","2630":" ","2631":"\\","2632":"\"","2633":"H","2634":"i","2635":"r","2636":"e","2637":"\\","2638":"\"","2639":",","2640":"\\","2641":"r","2642":"\\","2643":"n","2644":" ","2645":" ","2646":" ","2647":" ","2648":" ","2649":" ","2650":" ","2651":" ","2652":"\\","2653":"\"","2654":"S","2655":"t","2656":"u","2657":"d","2658":"e","2659":"n","2660":"t","2661":"s","2662":"\\","2663":"\"","2664":",","2665":"\\","2666":"r","2667":"\\","2668":"n","2669":" ","2670":" ","2671":" ","2672":" ","2673":" ","2674":" ","2675":" ","2676":" ","2677":"\\","2678":"\"","2679":"J","2680":"o","2681":"b","2682":"s","2683":"\\","2684":"\"","2685":",","2686":"\\","2687":"r","2688":"\\","2689":"n","2690":" ","2691":" ","2692":" ","2693":" ","2694":" ","2695":" ","2696":"]","2697":",","2698":"\\","2699":"r","2700":"\\","2701":"n","2702":" ","2703":" ","2704":" ","2705":" ","2706":" ","2707":" ","2708":"i","2709":"s","2710":"L","2711":"o","2712":"g","2713":"g","2714":"e","2715":"d","2716":"I","2717":"n","2718":":","2719":" ","2720":"f","2721":"a","2722":"l","2723":"s","2724":"e","2725":",","2726":"\\","2727":"r","2728":"\\","2729":"n","2730":" ","2731":" ","2732":" ","2733":" ","2734":"}","2735":";","2736":"\\","2737":"r","2738":"\\","2739":"n","2740":" ","2741":" ","2742":"}","2743":",","2744":"\\","2745":"r","2746":"\\","2747":"n","2748":" ","2749":" ","2750":"m","2751":"e","2752":"t","2753":"h","2754":"o","2755":"d","2756":"s","2757":":","2758":" ","2759":"{","2760":"\\","2761":"r","2762":"\\","2763":"n","2764":" ","2765":" ","2766":" ","2767":" ","2768":"l","2769":"o","2770":"g","2771":"i","2772":"n","2773":"U","2774":"s","2775":"e","2776":"r","2777":"(","2778":")","2779":" ","2780":"{","2781":"\\","2782":"r","2783":"\\","2784":"n","2785":" ","2786":" ","2787":" ","2788":" ","2789":" ","2790":" ","2791":"t","2792":"h","2793":"i","2794":"s","2795":".","2796":"i","2797":"s","2798":"L","2799":"o","2800":"g","2801":"g","2802":"e","2803":"d","2804":"I","2805":"n","2806":" ","2807":"=","2808":" ","2809":"!","2810":"t","2811":"h","2812":"i","2813":"s","2814":".","2815":"i","2816":"s","2817":"L","2818":"o","2819":"g","2820":"g","2821":"e","2822":"d","2823":"I","2824":"n","2825":";","2826":"\\","2827":"r","2828":"\\","2829":"n","2830":" ","2831":" ","2832":" ","2833":" ","2834":"}","2835":",","2836":"\\","2837":"r","2838":"\\","2839":"n","2840":" ","2841":" ","2842":"}","2843":",","2844":"\\","2845":"r","2846":"\\","2847":"n","2848":"}","2849":";","2850":"\\","2851":"r","2852":"\\","2853":"n","2854":"<","2855":"/","2856":"s","2857":"c","2858":"r","2859":"i","2860":"p","2861":"t","2862":">","2863":"\\","2864":"r","2865":"\\","2866":"n","2867":"\"","2868":"]","2869":"}"},"_coverageSchema":"1a1c01bbd47fc00a2c39e90264f33305004495a9","hash":"ddf12f334bf9a6361f945c039d1c69011252d259"}
,"D:\\Projects\\udemy\\job-search\\src\\components\\ProfileImage.vue": {"path":"D:\\Projects\\udemy\\job-search\\src\\components\\ProfileImage.vue","statementMap":{"0":{"start":{"line":4,"column":0},"end":{"line":6,"column":3}},"1":{"start":{"line":7,"column":0},"end":{"line":7,"column":25}},"2":{"start":{"line":8,"column":15},"end":{"line":15,"column":1}},"3":{"start":{"line":11,"column":4},"end":{"line":13,"column":6}},"4":{"start":{"line":18,"column":0},"end":{"line":18,"column":13}},"5":{"start":{"line":20,"column":0},"end":{"line":22,"column":3}},"6":{"start":{"line":23,"column":0},"end":{"line":23,"column":24}},"7":{"start":{"line":24,"column":11},"end":{"line":24,"column":25}},"8":{"start":{"line":25,"column":19},"end":{"line":25,"column":26}},"9":{"start":{"line":27,"column":2},"end":{"line":30,"column":38}},"10":{"start":{"line":31,"column":2},"end":{"line":31,"column":49}}},"fnMap":{"0":{"name":"(anonymous_0)","decl":{"start":{"line":10,"column":2},"end":{"line":10,"column":3}},"loc":{"start":{"line":10,"column":9},"end":{"line":14,"column":3}},"line":10},"1":{"name":"render","decl":{"start":{"line":26,"column":9},"end":{"line":26,"column":15}},"loc":{"start":{"line":26,"column":30},"end":{"line":31,"column":1}},"line":26}},"branchMap":{},"s":{"0":1,"1":1,"2":1,"3":1,"4":1,"5":1,"6":1,"7":1,"8":1,"9":1,"10":1},"f":{"0":1,"1":1},"b":{},"inputSourceMap":{"0":"{","1":"\"","2":"v","3":"e","4":"r","5":"s","6":"i","7":"o","8":"n","9":"\"","10":":","11":"3","12":",","13":"\"","14":"s","15":"o","16":"u","17":"r","18":"c","19":"e","20":"s","21":"\"","22":":","23":"[","24":"\"","25":"D","26":":","27":"\\","28":"\\","29":"P","30":"r","31":"o","32":"j","33":"e","34":"c","35":"t","36":"s","37":"\\","38":"\\","39":"u","40":"d","41":"e","42":"m","43":"y","44":"\\","45":"\\","46":"j","47":"o","48":"b","49":"-","50":"s","51":"e","52":"a","53":"r","54":"c","55":"h","56":"\\","57":"\\","58":"s","59":"r","60":"c","61":"\\","62":"\\","63":"c","64":"o","65":"m","66":"p","67":"o","68":"n","69":"e","70":"n","71":"t","72":"s","73":"\\","74":"\\","75":"P","76":"r","77":"o","78":"f","79":"i","80":"l","81":"e","82":"I","83":"m","84":"a","85":"g","86":"e","87":".","88":"v","89":"u","90":"e","91":"\"","92":"]","93":",","94":"\"","95":"n","96":"a","97":"m","98":"e","99":"s","100":"\"","101":":","102":"[","103":"]","104":",","105":"\"","106":"m","107":"a","108":"p","109":"p","110":"i","111":"n","112":"g","113":"s","114":"\"","115":":","116":"\"","117":";","118":";","119":";","120":";","121":";","122":";","123":";","124":"e","125":"A","126":"K","127":"e","128":";","129":"E","130":"A","131":"C","132":"b","133":",","134":"I","135":"A","136":"A","137":"I","138":",","139":"E","140":"A","141":"A","142":"E","143":",","144":"c","145":"A","146":"A","147":"c","148":";","149":"E","150":"A","151":"C","152":"p","153":"B","154":",","155":"I","156":"A","157":"A","158":"I","159":",","160":"G","161":"A","162":"A","163":"G","164":";","165":"I","166":"A","167":"C","168":"L","169":",","170":"O","171":"A","172":"A","173":"O","174":";","175":"M","176":"A","177":"C","178":"L","179":",","180":"S","181":"A","182":"A","183":"S","184":",","185":"E","186":"A","187":"C","188":"P","189":";","190":"I","191":"A","192":"C","193":"J","194":",","195":"C","196":"A","197":"A","198":"C","199":";","200":"E","201":"A","202":"C","203":"H","204":";","205":"A","206":"A","207":"C","208":"F","209":",","210":"C","211":"A","212":"A","213":"C","214":";","215":"A","216":"A","217":"A","218":"A","219":";","220":"A","221":"A","222":"A","223":"A","224":"\"","225":",","226":"\"","227":"f","228":"i","229":"l","230":"e","231":"\"","232":":","233":"\"","234":"D","235":":","236":"\\","237":"\\","238":"P","239":"r","240":"o","241":"j","242":"e","243":"c","244":"t","245":"s","246":"\\","247":"\\","248":"u","249":"d","250":"e","251":"m","252":"y","253":"\\","254":"\\","255":"j","256":"o","257":"b","258":"-","259":"s","260":"e","261":"a","262":"r","263":"c","264":"h","265":"\\","266":"\\","267":"s","268":"r","269":"c","270":"\\","271":"\\","272":"c","273":"o","274":"m","275":"p","276":"o","277":"n","278":"e","279":"n","280":"t","281":"s","282":"\\","283":"\\","284":"P","285":"r","286":"o","287":"f","288":"i","289":"l","290":"e","291":"I","292":"m","293":"a","294":"g","295":"e","296":".","297":"v","298":"u","299":"e","300":"\"","301":",","302":"\"","303":"s","304":"o","305":"u","306":"r","307":"c","308":"e","309":"s","310":"C","311":"o","312":"n","313":"t","314":"e","315":"n","316":"t","317":"\"","318":":","319":"[","320":"\"","321":"<","322":"t","323":"e","324":"m","325":"p","326":"l","327":"a","328":"t","329":"e","330":">","331":"\\","332":"r","333":"\\","334":"n","335":" ","336":" ","337":"<","338":"i","339":"m","340":"g","341":" ","342":":","343":"s","344":"r","345":"c","346":"=","347":"\\","348":"\"","349":"i","350":"m","351":"a","352":"g","353":"e","354":"L","355":"i","356":"n","357":"k","358":"\\","359":"\"","360":" ","361":"c","362":"l","363":"a","364":"s","365":"s","366":"=","367":"\\","368":"\"","369":"w","370":"-","371":"8","372":" ","373":"h","374":"-","375":"8","376":" ","377":"o","378":"b","379":"j","380":"e","381":"c","382":"t","383":"-","384":"c","385":"o","386":"n","387":"t","388":"a","389":"i","390":"n","391":" ","392":"r","393":"o","394":"u","395":"n","396":"d","397":"e","398":"d","399":"-","400":"3","401":"x","402":"l","403":"\\","404":"\"","405":" ","406":"/","407":">","408":"\\","409":"r","410":"\\","411":"n","412":"<","413":"/","414":"t","415":"e","416":"m","417":"p","418":"l","419":"a","420":"t","421":"e","422":">","423":"\\","424":"r","425":"\\","426":"n","427":"\\","428":"r","429":"\\","430":"n","431":"<","432":"s","433":"c","434":"r","435":"i","436":"p","437":"t","438":">","439":"\\","440":"r","441":"\\","442":"n","443":"e","444":"x","445":"p","446":"o","447":"r","448":"t","449":" ","450":"d","451":"e","452":"f","453":"a","454":"u","455":"l","456":"t","457":" ","458":"{","459":"\\","460":"r","461":"\\","462":"n","463":" ","464":" ","465":"n","466":"a","467":"m","468":"e","469":":","470":" ","471":"\\","472":"\"","473":"P","474":"r","475":"o","476":"f","477":"i","478":"l","479":"e","480":"I","481":"m","482":"a","483":"g","484":"e","485":"\\","486":"\"","487":",","488":"\\","489":"r","490":"\\","491":"n","492":" ","493":" ","494":"d","495":"a","496":"t","497":"a","498":"(","499":")","500":" ","501":"{","502":"\\","503":"r","504":"\\","505":"n","506":" ","507":" ","508":" ","509":" ","510":"r","511":"e","512":"t","513":"u","514":"r","515":"n","516":" ","517":"{","518":"\\","519":"r","520":"\\","521":"n","522":" ","523":" ","524":" ","525":" ","526":" ","527":" ","528":"i","529":"m","530":"a","531":"g","532":"e","533":"L","534":"i","535":"n","536":"k","537":":","538":"\\","539":"r","540":"\\","541":"n","542":" ","543":" ","544":" ","545":" ","546":" ","547":" ","548":" ","549":" ","550":"\\","551":"\"","552":"h","553":"t","554":"t","555":"p","556":"s","557":":","558":"/","559":"/","560":"w","561":"w","562":"w","563":".","564":"p","565":"n","566":"g","567":"i","568":"t","569":"e","570":"m","571":".","572":"c","573":"o","574":"m","575":"/","576":"p","577":"i","578":"m","579":"g","580":"s","581":"/","582":"m","583":"/","584":"4","585":"8","586":"7","587":"-","588":"4","589":"8","590":"7","591":"6","592":"4","593":"1","594":"7","595":"_","596":"l","597":"i","598":"n","599":"k","600":"-","601":"h","602":"e","603":"a","604":"d","605":"-","606":"p","607":"n","608":"g","609":"-","610":"t","611":"o","612":"o","613":"n","614":"-","615":"l","616":"i","617":"n","618":"k","619":"-","620":"f","621":"a","622":"c","623":"e","624":"-","625":"p","626":"n","627":"g","628":"-","629":"t","630":"r","631":"a","632":"n","633":"s","634":"p","635":"a","636":"r","637":"e","638":"n","639":"t","640":".","641":"p","642":"n","643":"g","644":"\\","645":"\"","646":",","647":"\\","648":"r","649":"\\","650":"n","651":" ","652":" ","653":" ","654":" ","655":"}","656":";","657":"\\","658":"r","659":"\\","660":"n","661":" ","662":" ","663":"}","664":",","665":"\\","666":"r","667":"\\","668":"n","669":"}","670":";","671":"\\","672":"r","673":"\\","674":"n","675":"<","676":"/","677":"s","678":"c","679":"r","680":"i","681":"p","682":"t","683":">","684":"\\","685":"r","686":"\\","687":"n","688":"\"","689":"]","690":"}"},"_coverageSchema":"1a1c01bbd47fc00a2c39e90264f33305004495a9","hash":"5aec89ee71b357bba3fc55007e8f90d98954b52d"}
,"D:\\Projects\\udemy\\job-search\\src\\components\\Subnav.vue": {"path":"D:\\Projects\\udemy\\job-search\\src\\components\\Subnav.vue","statementMap":{"0":{"start":{"line":4,"column":0},"end":{"line":6,"column":3}},"1":{"start":{"line":7,"column":0},"end":{"line":7,"column":25}},"2":{"start":{"line":8,"column":15},"end":{"line":15,"column":1}},"3":{"start":{"line":11,"column":4},"end":{"line":13,"column":6}},"4":{"start":{"line":18,"column":0},"end":{"line":18,"column":13}},"5":{"start":{"line":20,"column":0},"end":{"line":22,"column":3}},"6":{"start":{"line":23,"column":0},"end":{"line":23,"column":24}},"7":{"start":{"line":24,"column":11},"end":{"line":24,"column":25}},"8":{"start":{"line":25,"column":19},"end":{"line":27,"column":1}},"9":{"start":{"line":28,"column":19},"end":{"line":30,"column":1}},"10":{"start":{"line":31,"column":19},"end":{"line":34,"column":1}},"11":{"start":{"line":35,"column":32},"end":{"line":37,"column":88}},"12":{"start":{"line":40,"column":39},"end":{"line":40,"column":86}},"13":{"start":{"line":41,"column":2},"end":{"line":44,"column":69}},"14":{"start":{"line":45,"column":2},"end":{"line":45,"column":49}}},"fnMap":{"0":{"name":"(anonymous_0)","decl":{"start":{"line":10,"column":2},"end":{"line":10,"column":3}},"loc":{"start":{"line":10,"column":9},"end":{"line":14,"column":3}},"line":10},"1":{"name":"render","decl":{"start":{"line":39,"column":9},"end":{"line":39,"column":15}},"loc":{"start":{"line":39,"column":30},"end":{"line":45,"column":1}},"line":39}},"branchMap":{"0":{"loc":{"start":{"line":41,"column":130},"end":{"line":44,"column":64}},"type":"cond-expr","locations":[{"start":{"line":41,"column":155},"end":{"line":44,"column":18}},{"start":{"line":44,"column":22},"end":{"line":44,"column":64}}],"line":41}},"s":{"0":1,"1":1,"2":1,"3":1,"4":1,"5":1,"6":1,"7":1,"8":1,"9":1,"10":1,"11":1,"12":1,"13":1,"14":1},"f":{"0":1,"1":1},"b":{"0":[1,0]},"inputSourceMap":{"0":"{","1":"\"","2":"v","3":"e","4":"r","5":"s","6":"i","7":"o","8":"n","9":"\"","10":":","11":"3","12":",","13":"\"","14":"s","15":"o","16":"u","17":"r","18":"c","19":"e","20":"s","21":"\"","22":":","23":"[","24":"\"","25":"D","26":":","27":"\\","28":"\\","29":"P","30":"r","31":"o","32":"j","33":"e","34":"c","35":"t","36":"s","37":"\\","38":"\\","39":"u","40":"d","41":"e","42":"m","43":"y","44":"\\","45":"\\","46":"j","47":"o","48":"b","49":"-","50":"s","51":"e","52":"a","53":"r","54":"c","55":"h","56":"\\","57":"\\","58":"s","59":"r","60":"c","61":"\\","62":"\\","63":"c","64":"o","65":"m","66":"p","67":"o","68":"n","69":"e","70":"n","71":"t","72":"s","73":"\\","74":"\\","75":"S","76":"u","77":"b","78":"n","79":"a","80":"v","81":".","82":"v","83":"u","84":"e","85":"\"","86":"]","87":",","88":"\"","89":"n","90":"a","91":"m","92":"e","93":"s","94":"\"","95":":","96":"[","97":"]","98":",","99":"\"","100":"m","101":"a","102":"p","103":"p","104":"i","105":"n","106":"g","107":"s","108":"\"","109":":","110":"\"","111":";","112":";","113":";","114":";","115":";","116":";","117":";","118":"e","119":"A","120":"Y","121":"e","122":";","123":"E","124":"A","125":"C","126":"b","127":",","128":"I","129":"A","130":"A","131":"I","132":",","133":"E","134":"A","135":"A","136":"E","137":",","138":"Q","139":"A","140":"A","141":"Q","142":";","143":"E","144":"A","145":"C","146":"d","147":",","148":"I","149":"A","150":"A","151":"I","152":",","153":"G","154":"A","155":"A","156":"G","157":";","158":"I","159":"A","160":"C","161":"L","162":",","163":"O","164":"A","165":"A","166":"O","167":";","168":"M","169":"A","170":"C","171":"L","172":",","173":"g","174":"B","175":"A","176":"A","177":"g","178":"B","179":",","180":"E","181":"A","182":"A","183":"E","184":";","185":"I","186":"A","187":"C","188":"p","189":"B","190":",","191":"C","192":"A","193":"A","194":"C","195":";","196":"E","197":"A","198":"C","199":"H","200":";","201":"A","202":"A","203":"C","204":"F","205":",","206":"C","207":"A","208":"A","209":"C","210":";","211":"A","212":"A","213":"A","214":"A","215":";","216":"A","217":"A","218":"A","219":"A","220":"\"","221":",","222":"\"","223":"f","224":"i","225":"l","226":"e","227":"\"","228":":","229":"\"","230":"D","231":":","232":"\\","233":"\\","234":"P","235":"r","236":"o","237":"j","238":"e","239":"c","240":"t","241":"s","242":"\\","243":"\\","244":"u","245":"d","246":"e","247":"m","248":"y","249":"\\","250":"\\","251":"j","252":"o","253":"b","254":"-","255":"s","256":"e","257":"a","258":"r","259":"c","260":"h","261":"\\","262":"\\","263":"s","264":"r","265":"c","266":"\\","267":"\\","268":"c","269":"o","270":"m","271":"p","272":"o","273":"n","274":"e","275":"n","276":"t","277":"s","278":"\\","279":"\\","280":"S","281":"u","282":"b","283":"n","284":"a","285":"v","286":".","287":"v","288":"u","289":"e","290":"\"","291":",","292":"\"","293":"s","294":"o","295":"u","296":"r","297":"c","298":"e","299":"s","300":"C","301":"o","302":"n","303":"t","304":"e","305":"n","306":"t","307":"\"","308":":","309":"[","310":"\"","311":"<","312":"t","313":"e","314":"m","315":"p","316":"l","317":"a","318":"t","319":"e","320":">","321":"\\","322":"r","323":"\\","324":"n","325":" ","326":" ","327":"<","328":"d","329":"i","330":"v","331":" ","332":"c","333":"l","334":"a","335":"s","336":"s","337":"=","338":"\\","339":"\"","340":"w","341":"-","342":"f","343":"u","344":"l","345":"l","346":" ","347":"h","348":"-","349":"1","350":"6","351":" ","352":"b","353":"g","354":"-","355":"w","356":"h","357":"i","358":"t","359":"e","360":" ","361":"b","362":"o","363":"r","364":"d","365":"e","366":"r","367":"-","368":"b","369":" ","370":"b","371":"o","372":"r","373":"d","374":"e","375":"r","376":"-","377":"s","378":"o","379":"l","380":"i","381":"d","382":" ","383":"b","384":"o","385":"r","386":"d","387":"e","388":"r","389":"-","390":"b","391":"r","392":"a","393":"n","394":"d","395":"-","396":"g","397":"r","398":"a","399":"y","400":"-","401":"1","402":"\\","403":"\"","404":">","405":"\\","406":"r","407":"\\","408":"n","409":" ","410":" ","411":" ","412":" ","413":"<","414":"d","415":"i","416":"v","417":" ","418":"c","419":"l","420":"a","421":"s","422":"s","423":"=","424":"\\","425":"\"","426":"f","427":"l","428":"e","429":"x","430":" ","431":"i","432":"t","433":"e","434":"m","435":"s","436":"-","437":"c","438":"e","439":"n","440":"t","441":"e","442":"r","443":" ","444":"h","445":"-","446":"f","447":"u","448":"l","449":"l","450":" ","451":"p","452":"x","453":"-","454":"8","455":"\\","456":"\"","457":">","458":"\\","459":"r","460":"\\","461":"n","462":" ","463":" ","464":" ","465":" ","466":" ","467":" ","468":"<","469":"d","470":"i","471":"v","472":" ","473":"v","474":"-","475":"i","476":"f","477":"=","478":"\\","479":"\"","480":"o","481":"n","482":"J","483":"o","484":"b","485":"R","486":"e","487":"s","488":"u","489":"l","490":"t","491":"s","492":"P","493":"a","494":"g","495":"e","496":"\\","497":"\"","498":" ","499":"d","500":"a","501":"t","502":"a","503":"-","504":"t","505":"e","506":"s","507":"t","508":"=","509":"\\","510":"\"","511":"j","512":"o","513":"b","514":"-","515":"c","516":"o","517":"u","518":"n","519":"t","520":"\\","521":"\"","522":">","523":"\\","524":"r","525":"\\","526":"n","527":" ","528":" ","529":" ","530":" ","531":" ","532":" ","533":" ","534":" ","535":"<","536":"f","537":"o","538":"n","539":"t","540":"-","541":"a","542":"w","543":"e","544":"s","545":"o","546":"m","547":"e","548":"-","549":"i","550":"c","551":"o","552":"n","553":" ","554":":","555":"i","556":"c","557":"o","558":"n","559":"=","560":"\\","561":"\"","562":"[","563":"'","564":"f","565":"a","566":"s","567":"'","568":",","569":" ","570":"'","571":"s","572":"e","573":"a","574":"r","575":"c","576":"h","577":"'","578":"]","579":"\\","580":"\"","581":" ","582":"c","583":"l","584":"a","585":"s","586":"s","587":"=","588":"\\","589":"\"","590":"m","591":"r","592":"-","593":"3","594":"\\","595":"\"","596":" ","597":"/","598":">","599":"\\","600":"r","601":"\\","602":"n","603":" ","604":" ","605":" ","606":" ","607":" ","608":" ","609":" ","610":" ","611":"<","612":"s","613":"p","614":"a","615":"n","616":">","617":"<","618":"s","619":"p","620":"a","621":"n","622":" ","623":"c","624":"l","625":"a","626":"s","627":"s","628":"=","629":"\\","630":"\"","631":"t","632":"e","633":"x","634":"t","635":"-","636":"b","637":"r","638":"a","639":"n","640":"d","641":"-","642":"g","643":"r","644":"e","645":"e","646":"n","647":"-","648":"1","649":"\\","650":"\"","651":">","652":"1","653":"6","654":"5","655":"3","656":"<","657":"/","658":"s","659":"p","660":"a","661":"n","662":">","663":" ","664":"j","665":"o","666":"b","667":"s","668":" ","669":"m","670":"a","671":"t","672":"c","673":"h","674":"e","675":"d","676":" ","677":"<","678":"/","679":"s","680":"p","681":"a","682":"n","683":">","684":"\\","685":"r","686":"\\","687":"n","688":" ","689":" ","690":" ","691":" ","692":" ","693":" ","694":"<","695":"/","696":"d","697":"i","698":"v","699":">","700":"\\","701":"r","702":"\\","703":"n","704":" ","705":" ","706":" ","707":" ","708":"<","709":"/","710":"d","711":"i","712":"v","713":">","714":"\\","715":"r","716":"\\","717":"n","718":" ","719":" ","720":"<","721":"/","722":"d","723":"i","724":"v","725":">","726":"\\","727":"r","728":"\\","729":"n","730":"<","731":"/","732":"t","733":"e","734":"m","735":"p","736":"l","737":"a","738":"t","739":"e","740":">","741":"\\","742":"r","743":"\\","744":"n","745":"\\","746":"r","747":"\\","748":"n","749":"<","750":"s","751":"c","752":"r","753":"i","754":"p","755":"t","756":">","757":"\\","758":"r","759":"\\","760":"n","761":"e","762":"x","763":"p","764":"o","765":"r","766":"t","767":" ","768":"d","769":"e","770":"f","771":"a","772":"u","773":"l","774":"t","775":" ","776":"{","777":"\\","778":"r","779":"\\","780":"n","781":" ","782":" ","783":"n","784":"a","785":"m","786":"e","787":":","788":" ","789":"\\","790":"\"","791":"S","792":"u","793":"b","794":"n","795":"a","796":"v","797":"\\","798":"\"","799":",","800":"\\","801":"r","802":"\\","803":"n","804":" ","805":" ","806":"d","807":"a","808":"t","809":"a","810":"(","811":")","812":" ","813":"{","814":"\\","815":"r","816":"\\","817":"n","818":" ","819":" ","820":" ","821":" ","822":"r","823":"e","824":"t","825":"u","826":"r","827":"n","828":" ","829":"{","830":"\\","831":"r","832":"\\","833":"n","834":" ","835":" ","836":" ","837":" ","838":" ","839":" ","840":"o","841":"n","842":"J","843":"o","844":"b","845":"R","846":"e","847":"s","848":"u","849":"l","850":"t","851":"s","852":"P","853":"a","854":"g","855":"e","856":":","857":" ","858":"t","859":"r","860":"u","861":"e","862":",","863":"\\","864":"r","865":"\\","866":"n","867":" ","868":" ","869":" ","870":" ","871":"}","872":";","873":"\\","874":"r","875":"\\","876":"n","877":" ","878":" ","879":"}","880":",","881":"\\","882":"r","883":"\\","884":"n","885":"}","886":";","887":"\\","888":"r","889":"\\","890":"n","891":"<","892":"/","893":"s","894":"c","895":"r","896":"i","897":"p","898":"t","899":">","900":"\\","901":"r","902":"\\","903":"n","904":"\\","905":"r","906":"\\","907":"n","908":"<","909":"s","910":"t","911":"y","912":"l","913":"e","914":">","915":"<","916":"/","917":"s","918":"t","919":"y","920":"l","921":"e","922":">","923":"\\","924":"r","925":"\\","926":"n","927":"\"","928":"]","929":"}"},"_coverageSchema":"1a1c01bbd47fc00a2c39e90264f33305004495a9","hash":"122f373fcb2f3cba9f80237cf4e97fd5cde9a146"}
}
