TN:
SF:src\components\ActionButton.vue
FN:19,(anonymous_0)
FN:25,(anonymous_1)
FN:41,render
FNF:3
FNH:3
FNDA:6,(anonymous_0)
FNDA:6,(anonymous_1)
FNDA:6,render
DA:4,2
DA:7,2
DA:8,2
DA:20,6
DA:26,6
DA:34,2
DA:36,2
DA:39,2
DA:40,2
DA:42,6
DA:45,2
LF:11
LH:11
BRF:0
BRH:0
end_of_record
TN:
SF:src\components\MainNav.vue
FN:85,render
FN:92,(anonymous_1)
FNF:2
FNH:2
FNDA:5,render
FNDA:30,(anonymous_1)
DA:4,1
DA:5,1
DA:8,1
DA:55,1
DA:57,1
DA:60,1
DA:61,1
DA:62,1
DA:65,1
DA:68,1
DA:71,1
DA:72,1
DA:75,1
DA:78,1
DA:82,1
DA:86,5
DA:87,5
DA:88,5
DA:89,5
DA:93,30
DA:111,1
LF:21
LH:21
BRDA:98,0,0,4
BRDA:98,0,1,1
BRDA:108,1,0,1
BRDA:108,1,1,4
BRF:4
BRH:4
end_of_record
TN:
SF:src\components\ProfileImage.vue
FN:10,(anonymous_0)
FN:26,render
FNF:2
FNH:2
FNDA:1,(anonymous_0)
FNDA:1,render
DA:4,1
DA:7,1
DA:8,1
DA:11,1
DA:18,1
DA:20,1
DA:23,1
DA:24,1
DA:25,1
DA:27,1
DA:31,1
LF:11
LH:11
BRF:0
BRH:0
end_of_record
TN:
SF:src\components\Subnav.vue
FN:10,(anonymous_0)
FN:39,render
FNF:2
FNH:2
FNDA:1,(anonymous_0)
FNDA:1,render
DA:4,1
DA:7,1
DA:8,1
DA:11,1
DA:18,1
DA:20,1
DA:23,1
DA:24,1
DA:25,1
DA:28,1
DA:31,1
DA:35,1
DA:40,1
DA:41,1
DA:45,1
LF:15
LH:15
BRDA:41,0,0,1
BRDA:41,0,1,0
BRF:2
BRH:1
end_of_record
